------------------------------------------------------------------------------------------------------------------------

[2020-03-01 16:44:22 #1 store] 
Database 'E:\Informatika\2_MAILA\SI\proiektua\Bets2020\src\main\resources\bets.temp' is opened by 9208@DESKTOP-JDT4P4N

[2020-03-01 16:44:22 #2 type] 
Type domain.Question is not enhanced.

[2020-03-01 16:44:22 #3 type] 
Type domain.Event is not enhanced.

[2020-03-01 16:44:22 #4 type] 
Type domain.Pertsona is not enhanced.

[2020-03-01 16:44:22 #5 type] 
Type domain.PertsonaErregistratua is not enhanced.

[2020-03-01 16:44:22 #6 type] 
Type domain.Administratzailea is not enhanced.

------------------------------------------------------------------------------------------------------------------------

[2020-03-01 16:46:04 #1 store] 
Database 'E:\Informatika\2_MAILA\SI\proiektua\Bets2020\src\main\resources\bets.temp' is opened by 17872@DESKTOP-JDT4P4N

[2020-03-01 16:46:05 #2 type] 
Type domain.Question is not enhanced.

[2020-03-01 16:46:05 #3 type] 
Type domain.Event is not enhanced.

[2020-03-01 16:46:05 #4 type] 
Type domain.Pertsona is not enhanced.

[2020-03-01 16:46:05 #5 type] 
Type domain.PertsonaErregistratua is not enhanced.

[2020-03-01 16:46:05 #6 type] 
Type domain.Administratzailea is not enhanced.

------------------------------------------------------------------------------------------------------------------------

[2020-03-01 16:50:09 #1 store] 
Database 'E:\Informatika\2_MAILA\SI\proiektua\Bets2020\src\main\resources\bets.temp' is opened by 72@DESKTOP-JDT4P4N

[2020-03-01 16:50:09 #2 type] 
Type domain.Question is not enhanced.

[2020-03-01 16:50:09 #3 type] 
Type domain.Event is not enhanced.

[2020-03-01 16:50:09 #4 type] 
Type domain.Pertsona is not enhanced.

[2020-03-01 16:50:09 #5 type] 
Type domain.PertsonaErregistratua is not enhanced.

[2020-03-01 16:50:09 #6 type] 
Type domain.Administratzailea is not enhanced.

------------------------------------------------------------------------------------------------------------------------

[2020-03-01 16:51:33 #1 store] 
Database 'E:\Informatika\2_MAILA\SI\proiektua\Bets2020\src\main\resources\bets.temp' is opened by 14676@DESKTOP-JDT4P4N

[2020-03-01 16:51:33 #2 type] 
Type domain.Question is not enhanced.

[2020-03-01 16:51:33 #3 type] 
Type domain.Event is not enhanced.

[2020-03-01 16:51:33 #4 type] 
Type domain.Pertsona is not enhanced.

[2020-03-01 16:51:33 #5 type] 
Type domain.PertsonaErregistratua is not enhanced.

[2020-03-01 16:51:33 #6 type] 
Type domain.Administratzailea is not enhanced.

------------------------------------------------------------------------------------------------------------------------

[2020-03-01 16:54:30 #1 store] 
Database 'E:\Informatika\2_MAILA\SI\proiektua\Bets2020\src\main\resources\bets.temp' is opened by 16268@DESKTOP-JDT4P4N

[2020-03-01 16:54:30 #2 type] 
Type domain.Question is not enhanced.

[2020-03-01 16:54:30 #3 type] 
Type domain.Event is not enhanced.

[2020-03-01 16:54:30 #4 type] 
Type domain.Pertsona is not enhanced.

[2020-03-01 16:54:30 #5 type] 
Type domain.PertsonaErregistratua is not enhanced.

[2020-03-01 16:54:30 #6 type] 
Type domain.Administratzailea is not enhanced.

------------------------------------------------------------------------------------------------------------------------

[2020-03-01 16:56:42 #1 store] 
Database 'E:\Informatika\2_MAILA\SI\proiektua\Bets2020\src\main\resources\bets.temp' is opened by 12132@DESKTOP-JDT4P4N

[2020-03-01 16:56:42 #2 type] 
Type domain.Question is not enhanced.

[2020-03-01 16:56:42 #3 type] 
Type domain.Event is not enhanced.

[2020-03-01 16:56:42 #4 type] 
Type domain.Pertsona is not enhanced.

[2020-03-01 16:56:42 #5 type] 
Type domain.PertsonaErregistratua is not enhanced.

[2020-03-01 16:56:42 #6 type] 
Type domain.Administratzailea is not enhanced.

------------------------------------------------------------------------------------------------------------------------

[2020-03-01 16:57:53 #1 store] 
Database 'E:\Informatika\2_MAILA\SI\proiektua\Bets2020\src\main\resources\bets.temp' is opened by 7300@DESKTOP-JDT4P4N

[2020-03-01 16:57:53 #2 type] 
Type domain.Question is not enhanced.

[2020-03-01 16:57:53 #3 type] 
Type domain.Event is not enhanced.

[2020-03-01 16:57:53 #4 type] 
Type domain.Pertsona is not enhanced.

[2020-03-01 16:57:53 #5 type] 
Type domain.PertsonaErregistratua is not enhanced.

[2020-03-01 16:57:53 #6 type] 
Type domain.Administratzailea is not enhanced.

------------------------------------------------------------------------------------------------------------------------

[2020-03-01 16:58:29 #1 store] 
Database 'E:\Informatika\2_MAILA\SI\proiektua\Bets2020\src\main\resources\bets.temp' is opened by 17900@DESKTOP-JDT4P4N

[2020-03-01 16:58:29 #2 type] 
Type domain.Question is not enhanced.

[2020-03-01 16:58:29 #3 type] 
Type domain.Event is not enhanced.

[2020-03-01 16:58:29 #4 type] 
Type domain.Pertsona is not enhanced.

[2020-03-01 16:58:29 #5 type] 
Type domain.PertsonaErregistratua is not enhanced.

[2020-03-01 16:58:29 #6 type] 
Type domain.Administratzailea is not enhanced.

------------------------------------------------------------------------------------------------------------------------

[2020-03-01 17:15:59 #1 store] 
Database 'E:\Informatika\2_MAILA\SI\proiektua\Bets2020\src\main\resources\bets.temp' is opened by 1160@DESKTOP-JDT4P4N

[2020-03-01 17:15:59 #2 type] 
Type domain.Question is not enhanced.

[2020-03-01 17:15:59 #3 type] 
Type domain.Event is not enhanced.

[2020-03-01 17:15:59 #4 type] 
Type domain.Pertsona is not enhanced.

[2020-03-01 17:15:59 #5 type] 
Type domain.PertsonaErregistratua is not enhanced.

[2020-03-01 17:15:59 #6 type] 
Type domain.Administratzailea is not enhanced.

------------------------------------------------------------------------------------------------------------------------

[2020-03-01 17:27:04 #1 store] 
Database 'E:\Informatika\2_MAILA\SI\proiektua\Bets2020\src\main\resources\bets.temp' is opened by 17368@DESKTOP-JDT4P4N

[2020-03-01 17:27:05 #2 type] 
Type domain.Question is not enhanced.

[2020-03-01 17:27:05 #3 type] 
Type domain.Event is not enhanced.

[2020-03-01 17:27:05 #4 type] 
Type domain.Pertsona is not enhanced.

[2020-03-01 17:27:05 #5 type] 
Type domain.PertsonaErregistratua is not enhanced.

[2020-03-01 17:27:05 #6 type] 
Type domain.Administratzailea is not enhanced.

------------------------------------------------------------------------------------------------------------------------

[2020-03-01 17:28:58 #1 store] 
Database 'E:\Informatika\2_MAILA\SI\proiektua\Bets2020\src\main\resources\bets.temp' is opened by 9396@DESKTOP-JDT4P4N

[2020-03-01 17:28:58 #2 type] 
Type domain.Question is not enhanced.

[2020-03-01 17:28:58 #3 type] 
Type domain.Event is not enhanced.

[2020-03-01 17:28:58 #4 type] 
Type domain.Pertsona is not enhanced.

[2020-03-01 17:28:58 #5 type] 
Type domain.PertsonaErregistratua is not enhanced.

[2020-03-01 17:28:58 #6 type] 
Type domain.Administratzailea is not enhanced.

------------------------------------------------------------------------------------------------------------------------

[2020-03-01 17:30:05 #1 store] 
Database 'E:\Informatika\2_MAILA\SI\proiektua\Bets2020\src\main\resources\bets.temp' is opened by 19684@DESKTOP-JDT4P4N

[2020-03-01 17:30:05 #2 type] 
Type domain.Question is not enhanced.

[2020-03-01 17:30:05 #3 type] 
Type domain.Event is not enhanced.

[2020-03-01 17:30:05 #4 type] 
Type domain.Pertsona is not enhanced.

[2020-03-01 17:30:05 #5 type] 
Type domain.PertsonaErregistratua is not enhanced.

[2020-03-01 17:30:05 #6 type] 
Type domain.Administratzailea is not enhanced.

------------------------------------------------------------------------------------------------------------------------

[2020-03-01 17:31:39 #1 store] 
Database 'E:\Informatika\2_MAILA\SI\proiektua\Bets2020\src\main\resources\bets.temp' is opened by 19036@DESKTOP-JDT4P4N

[2020-03-01 17:31:40 #2 type] 
Type domain.Question is not enhanced.

[2020-03-01 17:31:40 #3 type] 
Type domain.Event is not enhanced.

[2020-03-01 17:31:40 #4 type] 
Type domain.Pertsona is not enhanced.

[2020-03-01 17:31:40 #5 type] 
Type domain.PertsonaErregistratua is not enhanced.

[2020-03-01 17:31:40 #6 type] 
Type domain.Administratzailea is not enhanced.

------------------------------------------------------------------------------------------------------------------------

[2020-03-01 17:35:28 #1 store] 
Database 'E:\Informatika\2_MAILA\SI\proiektua\Bets2020\src\main\resources\bets.temp' is opened by 19548@DESKTOP-JDT4P4N

[2020-03-01 17:35:28 #2 type] 
Type domain.Question is not enhanced.

[2020-03-01 17:35:28 #3 type] 
Type domain.Event is not enhanced.

[2020-03-01 17:35:28 #4 type] 
Type domain.Pertsona is not enhanced.

[2020-03-01 17:35:28 #5 type] 
Type domain.PertsonaErregistratua is not enhanced.

[2020-03-01 17:35:28 #6 type] 
Type domain.Administratzailea is not enhanced.

------------------------------------------------------------------------------------------------------------------------

[2020-03-01 17:36:12 #1 store] 
Database 'E:\Informatika\2_MAILA\SI\proiektua\Bets2020\src\main\resources\bets.temp' is opened by 8488@DESKTOP-JDT4P4N

[2020-03-01 17:36:12 #2 type] 
Type domain.Question is not enhanced.

[2020-03-01 17:36:12 #3 type] 
Type domain.Event is not enhanced.

[2020-03-01 17:36:12 #4 type] 
Type domain.Pertsona is not enhanced.

[2020-03-01 17:36:12 #5 type] 
Type domain.PertsonaErregistratua is not enhanced.

[2020-03-01 17:36:12 #6 type] 
Type domain.Administratzailea is not enhanced.

------------------------------------------------------------------------------------------------------------------------

[2020-03-01 17:37:58 #1 store] 
Database 'E:\Informatika\2_MAILA\SI\proiektua\Bets2020\src\main\resources\bets.temp' is opened by 9316@DESKTOP-JDT4P4N

[2020-03-01 17:37:58 #2 type] 
Type domain.Question is not enhanced.

[2020-03-01 17:37:58 #3 type] 
Type domain.Event is not enhanced.

[2020-03-01 17:37:58 #4 type] 
Type domain.Pertsona is not enhanced.

[2020-03-01 17:37:58 #5 type] 
Type domain.PertsonaErregistratua is not enhanced.

[2020-03-01 17:37:58 #6 type] 
Type domain.Administratzailea is not enhanced.

------------------------------------------------------------------------------------------------------------------------

[2020-03-01 17:38:46 #1 store] 
Database 'E:\Informatika\2_MAILA\SI\proiektua\Bets2020\src\main\resources\bets.temp' is opened by 12260@DESKTOP-JDT4P4N

[2020-03-01 17:38:46 #2 type] 
Type domain.Question is not enhanced.

[2020-03-01 17:38:46 #3 type] 
Type domain.Event is not enhanced.

[2020-03-01 17:38:46 #4 type] 
Type domain.Pertsona is not enhanced.

[2020-03-01 17:38:46 #5 type] 
Type domain.PertsonaErregistratua is not enhanced.

[2020-03-01 17:38:46 #6 type] 
Type domain.Administratzailea is not enhanced.

------------------------------------------------------------------------------------------------------------------------

[2020-03-01 17:39:51 #1 store] 
Database 'E:\Informatika\2_MAILA\SI\proiektua\Bets2020\src\main\resources\bets.temp' is opened by 9732@DESKTOP-JDT4P4N

[2020-03-01 17:39:52 #2 type] 
Type domain.Question is not enhanced.

[2020-03-01 17:39:52 #3 type] 
Type domain.Event is not enhanced.

[2020-03-01 17:39:52 #4 type] 
Type domain.Pertsona is not enhanced.

[2020-03-01 17:39:52 #5 type] 
Type domain.PertsonaErregistratua is not enhanced.

[2020-03-01 17:39:52 #6 type] 
Type domain.Administratzailea is not enhanced.

------------------------------------------------------------------------------------------------------------------------

[2020-03-01 17:42:00 #1 store] 
Database 'E:\Informatika\2_MAILA\SI\proiektua\Bets2020\src\main\resources\bets.temp' is opened by 13892@DESKTOP-JDT4P4N

[2020-03-01 17:42:00 #2 type] 
Type domain.Question is not enhanced.

[2020-03-01 17:42:00 #3 type] 
Type domain.Event is not enhanced.

[2020-03-01 17:42:00 #4 type] 
Type domain.Pertsona is not enhanced.

[2020-03-01 17:42:00 #5 type] 
Type domain.PertsonaErregistratua is not enhanced.

[2020-03-01 17:42:00 #6 type] 
Type domain.Administratzailea is not enhanced.

------------------------------------------------------------------------------------------------------------------------

[2020-03-01 17:42:42 #1 store] 
Database 'E:\Informatika\2_MAILA\SI\proiektua\Bets2020\src\main\resources\bets.temp' is opened by 18140@DESKTOP-JDT4P4N

[2020-03-01 17:42:43 #2 type] 
Type domain.Question is not enhanced.

[2020-03-01 17:42:43 #3 type] 
Type domain.Event is not enhanced.

[2020-03-01 17:42:43 #4 type] 
Type domain.Pertsona is not enhanced.

[2020-03-01 17:42:43 #5 type] 
Type domain.PertsonaErregistratua is not enhanced.

[2020-03-01 17:42:43 #6 type] 
Type domain.Administratzailea is not enhanced.

------------------------------------------------------------------------------------------------------------------------

[2020-03-01 17:48:26 #1 store] 
Database 'E:\Informatika\2_MAILA\SI\proiektua\Bets2020\src\main\resources\bets.temp' is opened by 6140@DESKTOP-JDT4P4N

[2020-03-01 17:48:26 #2 type] 
Type domain.Question is not enhanced.

[2020-03-01 17:48:26 #3 type] 
Type domain.Event is not enhanced.

[2020-03-01 17:48:26 #4 type] 
Type domain.Pertsona is not enhanced.

[2020-03-01 17:48:26 #5 type] 
Type domain.PertsonaErregistratua is not enhanced.

[2020-03-01 17:48:26 #6 type] 
Type domain.Administratzailea is not enhanced.

------------------------------------------------------------------------------------------------------------------------

[2020-03-01 17:51:33 #1 store] 
Database 'E:\Informatika\2_MAILA\SI\proiektua\Bets2020\src\main\resources\bets.temp' is opened by 14068@DESKTOP-JDT4P4N

[2020-03-01 17:51:33 #2 type] 
Type domain.Question is not enhanced.

[2020-03-01 17:51:33 #3 type] 
Type domain.Event is not enhanced.

[2020-03-01 17:51:33 #4 type] 
Type domain.Pertsona is not enhanced.

[2020-03-01 17:51:33 #5 type] 
Type domain.PertsonaErregistratua is not enhanced.

[2020-03-01 17:51:33 #6 type] 
Type domain.Administratzailea is not enhanced.

------------------------------------------------------------------------------------------------------------------------

[2020-03-01 17:59:29 #1 store] 
Database 'E:\Informatika\2_MAILA\SI\proiektua\Bets2020\src\main\resources\bets.temp' is opened by 15804@DESKTOP-JDT4P4N

[2020-03-01 17:59:30 #2 type] 
Type domain.Question is not enhanced.

[2020-03-01 17:59:30 #3 type] 
Type domain.Event is not enhanced.

[2020-03-01 17:59:30 #4 type] 
Type domain.Pertsona is not enhanced.

[2020-03-01 17:59:30 #5 type] 
Type domain.PertsonaErregistratua is not enhanced.

[2020-03-01 17:59:30 #6 type] 
Type domain.Administratzailea is not enhanced.

------------------------------------------------------------------------------------------------------------------------

[2020-03-01 18:01:47 #1 store] 
Database 'E:\Informatika\2_MAILA\SI\proiektua\Bets2020\src\main\resources\bets.temp' is opened by 11936@DESKTOP-JDT4P4N

[2020-03-01 18:01:47 #2 type] 
Type domain.Question is not enhanced.

[2020-03-01 18:01:47 #3 type] 
Type domain.Event is not enhanced.

[2020-03-01 18:01:47 #4 type] 
Type domain.Pertsona is not enhanced.

[2020-03-01 18:01:47 #5 type] 
Type domain.PertsonaErregistratua is not enhanced.

[2020-03-01 18:01:47 #6 type] 
Type domain.Administratzailea is not enhanced.

------------------------------------------------------------------------------------------------------------------------

[2020-03-01 18:03:01 #1 store] 
Database 'E:\Informatika\2_MAILA\SI\proiektua\Bets2020\src\main\resources\bets.temp' is opened by 18736@DESKTOP-JDT4P4N

[2020-03-01 18:03:01 #2 type] 
Type domain.Question is not enhanced.

[2020-03-01 18:03:01 #3 type] 
Type domain.Event is not enhanced.

[2020-03-01 18:03:01 #4 type] 
Type domain.Pertsona is not enhanced.

[2020-03-01 18:03:01 #5 type] 
Type domain.PertsonaErregistratua is not enhanced.

[2020-03-01 18:03:01 #6 type] 
Type domain.Administratzailea is not enhanced.

------------------------------------------------------------------------------------------------------------------------

[2020-03-01 18:04:23 #1 store] 
Database 'E:\Informatika\2_MAILA\SI\proiektua\Bets2020\src\main\resources\bets.temp' is opened by 12552@DESKTOP-JDT4P4N

[2020-03-01 18:04:23 #2 type] 
Type domain.Question is not enhanced.

[2020-03-01 18:04:23 #3 type] 
Type domain.Event is not enhanced.

[2020-03-01 18:04:23 #4 type] 
Type domain.Pertsona is not enhanced.

[2020-03-01 18:04:23 #5 type] 
Type domain.PertsonaErregistratua is not enhanced.

[2020-03-01 18:04:23 #6 type] 
Type domain.Administratzailea is not enhanced.

------------------------------------------------------------------------------------------------------------------------

[2020-03-01 18:08:14 #1 store] 
Database 'E:\Informatika\2_MAILA\SI\proiektua\Bets2020\src\main\resources\bets.temp' is opened by 8340@DESKTOP-JDT4P4N

[2020-03-01 18:08:14 #2 type] 
Type domain.Question is not enhanced.

[2020-03-01 18:08:14 #3 type] 
Type domain.Event is not enhanced.

[2020-03-01 18:08:14 #4 type] 
Type domain.Pertsona is not enhanced.

[2020-03-01 18:08:14 #5 type] 
Type domain.PertsonaErregistratua is not enhanced.

[2020-03-01 18:08:14 #6 type] 
Type domain.Administratzailea is not enhanced.

------------------------------------------------------------------------------------------------------------------------

[2020-03-01 18:09:14 #1 store] 
Database 'E:\Informatika\2_MAILA\SI\proiektua\Bets2020\src\main\resources\bets.temp' is opened by 14588@DESKTOP-JDT4P4N

[2020-03-01 18:09:14 #2 type] 
Type domain.Question is not enhanced.

[2020-03-01 18:09:14 #3 type] 
Type domain.Event is not enhanced.

[2020-03-01 18:09:14 #4 type] 
Type domain.Pertsona is not enhanced.

[2020-03-01 18:09:14 #5 type] 
Type domain.PertsonaErregistratua is not enhanced.

[2020-03-01 18:09:14 #6 type] 
Type domain.Administratzailea is not enhanced.

------------------------------------------------------------------------------------------------------------------------

[2020-03-01 18:09:55 #1 store] 
Database 'E:\Informatika\2_MAILA\SI\proiektua\Bets2020\src\main\resources\bets.temp' is opened by 18584@DESKTOP-JDT4P4N

[2020-03-01 18:09:55 #2 type] 
Type domain.Question is not enhanced.

[2020-03-01 18:09:55 #3 type] 
Type domain.Event is not enhanced.

[2020-03-01 18:09:55 #4 type] 
Type domain.Pertsona is not enhanced.

[2020-03-01 18:09:55 #5 type] 
Type domain.PertsonaErregistratua is not enhanced.

[2020-03-01 18:09:55 #6 type] 
Type domain.Administratzailea is not enhanced.

------------------------------------------------------------------------------------------------------------------------

[2020-03-01 18:14:12 #1 store] 
Database 'E:\Informatika\2_MAILA\SI\proiektua\Bets2020\src\main\resources\bets.temp' is opened by 14612@DESKTOP-JDT4P4N

[2020-03-01 18:14:12 #2 type] 
Type domain.Question is not enhanced.

[2020-03-01 18:14:12 #3 type] 
Type domain.Event is not enhanced.

[2020-03-01 18:14:12 #4 type] 
Type domain.Pertsona is not enhanced.

[2020-03-01 18:14:12 #5 type] 
Type domain.PertsonaErregistratua is not enhanced.

[2020-03-01 18:14:12 #6 type] 
Type domain.Administratzailea is not enhanced.

------------------------------------------------------------------------------------------------------------------------

[2020-03-01 18:14:37 #1 store] 
Database 'E:\Informatika\2_MAILA\SI\proiektua\Bets2020\src\main\resources\bets.temp' is opened by 17872@DESKTOP-JDT4P4N

[2020-03-01 18:14:38 #2 type] 
Type domain.Question is not enhanced.

[2020-03-01 18:14:38 #3 type] 
Type domain.Event is not enhanced.

[2020-03-01 18:14:38 #4 type] 
Type domain.Pertsona is not enhanced.

[2020-03-01 18:14:38 #5 type] 
Type domain.PertsonaErregistratua is not enhanced.

[2020-03-01 18:14:38 #6 type] 
Type domain.Administratzailea is not enhanced.

------------------------------------------------------------------------------------------------------------------------

[2020-03-01 18:17:26 #1 store] 
Database 'E:\Informatika\2_MAILA\SI\proiektua\Bets2020\src\main\resources\bets.temp' is opened by 13112@DESKTOP-JDT4P4N

[2020-03-01 18:17:26 #2 type] 
Type domain.Question is not enhanced.

[2020-03-01 18:17:26 #3 type] 
Type domain.Event is not enhanced.

[2020-03-01 18:17:26 #4 type] 
Type domain.Pertsona is not enhanced.

[2020-03-01 18:17:26 #5 type] 
Type domain.PertsonaErregistratua is not enhanced.

[2020-03-01 18:17:26 #6 type] 
Type domain.Administratzailea is not enhanced.

------------------------------------------------------------------------------------------------------------------------

[2020-03-01 18:26:42 #1 store] 
Database 'E:\Informatika\2_MAILA\SI\proiektua\Bets2020\src\main\resources\bets.temp' is opened by 5584@DESKTOP-JDT4P4N

[2020-03-01 18:26:43 #2 type] 
Type domain.Question is not enhanced.

[2020-03-01 18:26:43 #3 type] 
Type domain.Event is not enhanced.

[2020-03-01 18:26:43 #4 type] 
Type domain.Pertsona is not enhanced.

[2020-03-01 18:26:43 #5 type] 
Type domain.PertsonaErregistratua is not enhanced.

[2020-03-01 18:26:43 #6 type] 
Type domain.Administratzailea is not enhanced.

------------------------------------------------------------------------------------------------------------------------

[2020-03-01 18:30:46 #1 store] 
Database 'E:\Informatika\2_MAILA\SI\proiektua\Bets2020\src\main\resources\bets.temp' is opened by 15136@DESKTOP-JDT4P4N

[2020-03-01 18:30:46 #2 type] 
Type domain.Question is not enhanced.

[2020-03-01 18:30:46 #3 type] 
Type domain.Event is not enhanced.

[2020-03-01 18:30:46 #4 type] 
Type domain.Pertsona is not enhanced.

[2020-03-01 18:30:46 #5 type] 
Type domain.PertsonaErregistratua is not enhanced.

[2020-03-01 18:30:46 #6 type] 
Type domain.Administratzailea is not enhanced.

