------------------------------------------------------------------------------------------------------------------------

[2020-10-03 12:42:21 #1 store] 
Database 'C:\Users\Garazi\Desktop\Informatika\SI2\Proiektua\Bets2021\Bets2020\src\main\resources\bets20.temp' is opened by 9044@DESKTOP-OCIQLOI

[2020-10-03 12:42:21 #2 type.registry] 
New type domain.Pertsona

[2020-10-03 12:42:21 #3 type] 
Type domain.Pertsona is not enhanced.

------------------------------------------------------------------------------------------------------------------------

[2020-10-03 12:45:16 #1 store] 
Database 'C:\Users\Garazi\Desktop\Informatika\SI2\Proiektua\Bets2020\src\main\resources\bets20.temp' is opened by 4864@DESKTOP-OCIQLOI

[2020-10-03 12:45:16 #2 type] 
Type domain.Pertsona is not enhanced.

------------------------------------------------------------------------------------------------------------------------

[2020-10-03 12:54:19 #1 store] 
Database 'C:\Users\Garazi\Desktop\Informatika\SI2\Proiektua\Bets2021\src\main\resources\bets20.temp' is opened by 9960@DESKTOP-OCIQLOI

[2020-10-03 12:54:20 #2 type] 
Type domain.Pertsona is not enhanced.

------------------------------------------------------------------------------------------------------------------------

[2020-10-03 13:20:05 #1 store] 
Database 'C:\Users\Garazi\Desktop\Informatika\SI2\Proiektua\Bets2021\src\main\resources\bets20.temp' is opened by 3160@DESKTOP-OCIQLOI

------------------------------------------------------------------------------------------------------------------------

[2020-10-03 13:20:19 #1 store] 
Database 'C:\Users\Garazi\Desktop\Informatika\SI2\Proiektua\Bets2021\src\main\resources\bets20.temp' has been recovered (tr. 1-2)

[2020-10-03 13:20:19 #2 store] 
Database 'C:\Users\Garazi\Desktop\Informatika\SI2\Proiektua\Bets2021\src\main\resources\bets20.temp' is opened by 6256@DESKTOP-OCIQLOI

[2020-10-03 13:20:19 #3 type.registry] 
New type domain.Event

[2020-10-03 13:20:19 #4 type] 
Type domain.Event is not enhanced.

[2020-10-03 13:20:19 #5 type.registry] 
New type domain.Question

[2020-10-03 13:20:19 #6 type.registry] 
New type java.util.Vector<domain.Question>

[2020-10-03 13:20:19 #7 type] 
Type domain.Question is not enhanced.

[2020-10-03 13:20:19 #8 type.registry] 
New type domain.Kuota

[2020-10-03 13:20:19 #9 type.registry] 
New type java.util.Vector<domain.Kuota>

[2020-10-03 13:20:19 #10 type] 
Type domain.Kuota is not enhanced.

[2020-10-03 13:20:19 #11 type.registry] 
New type domain.Apustua

[2020-10-03 13:20:19 #12 type.registry] 
New type java.util.Vector<domain.Apustua>

[2020-10-03 13:20:19 #13 type] 
Type domain.Apustua is not enhanced.

[2020-10-03 13:20:19 #14 type.registry] 
New type domain.Pertsona

[2020-10-03 13:20:19 #15 type.registry] 
New type domain.PertsonaErregistratua

[2020-10-03 13:20:19 #16 type] 
Type domain.Pertsona is not enhanced.

[2020-10-03 13:20:19 #17 type] 
Type domain.PertsonaErregistratua is not enhanced.

[2020-10-03 13:20:19 #18 type.registry] 
New type java.util.Vector<java.lang.Object>

------------------------------------------------------------------------------------------------------------------------

[2020-10-03 13:30:01 #1 store] 
Database 'C:\Users\Garazi\Desktop\Informatika\SI2\Proiektua\Bets2021\src\main\resources\bets20.temp' has been recovered (tr. 3-10)

[2020-10-03 13:30:02 #2 store] 
Database 'C:\Users\Garazi\Desktop\Informatika\SI2\Proiektua\Bets2021\src\main\resources\bets20.temp' is opened by 7048@DESKTOP-OCIQLOI

[2020-10-03 13:30:02 #3 type] 
Type domain.Event is not enhanced.

[2020-10-03 13:30:02 #4 type] 
Type domain.Question is not enhanced.

[2020-10-03 13:30:02 #5 type] 
Type domain.Kuota is not enhanced.

[2020-10-03 13:30:02 #6 type] 
Type domain.Apustua is not enhanced.

[2020-10-03 13:30:02 #7 type] 
Type domain.Pertsona is not enhanced.

[2020-10-03 13:30:02 #8 type] 
Type domain.PertsonaErregistratua is not enhanced.

------------------------------------------------------------------------------------------------------------------------

[2020-10-03 13:30:14 #1 store] 
Database 'C:\Users\Garazi\Desktop\Informatika\SI2\Proiektua\Bets2021\src\main\resources\bets20.temp' has been recovered (tr. 11-16)

[2020-10-03 13:30:14 #2 store] 
Database 'C:\Users\Garazi\Desktop\Informatika\SI2\Proiektua\Bets2021\src\main\resources\bets20.temp' is opened by 7464@DESKTOP-OCIQLOI

[2020-10-03 13:30:15 #3 type] 
Type domain.Event is not enhanced.

[2020-10-03 13:30:15 #4 type] 
Type domain.Question is not enhanced.

[2020-10-03 13:30:15 #5 type] 
Type domain.Kuota is not enhanced.

[2020-10-03 13:30:15 #6 type] 
Type domain.Apustua is not enhanced.

[2020-10-03 13:30:15 #7 type] 
Type domain.Pertsona is not enhanced.

[2020-10-03 13:30:15 #8 type] 
Type domain.PertsonaErregistratua is not enhanced.

------------------------------------------------------------------------------------------------------------------------

[2020-10-03 13:30:27 #1 store] 
Database 'C:\Users\Garazi\Desktop\Informatika\SI2\Proiektua\Bets2021\src\main\resources\bets20.temp' has been recovered (tr. 17-22)

[2020-10-03 13:30:27 #2 store] 
Database 'C:\Users\Garazi\Desktop\Informatika\SI2\Proiektua\Bets2021\src\main\resources\bets20.temp' is opened by 13124@DESKTOP-OCIQLOI

[2020-10-03 13:30:27 #3 type] 
Type domain.Event is not enhanced.

[2020-10-03 13:30:27 #4 type] 
Type domain.Question is not enhanced.

[2020-10-03 13:30:27 #5 type] 
Type domain.Kuota is not enhanced.

[2020-10-03 13:30:27 #6 type] 
Type domain.Apustua is not enhanced.

[2020-10-03 13:30:27 #7 type] 
Type domain.Pertsona is not enhanced.

[2020-10-03 13:30:27 #8 type] 
Type domain.PertsonaErregistratua is not enhanced.

------------------------------------------------------------------------------------------------------------------------

[2020-10-03 13:32:38 #1 store] 
Database 'C:\Users\Garazi\Desktop\Informatika\SI2\Proiektua\Bets2021\src\main\resources\bets20.temp' has been recovered (tr. 23-28)

[2020-10-03 13:32:38 #2 store] 
Database 'C:\Users\Garazi\Desktop\Informatika\SI2\Proiektua\Bets2021\src\main\resources\bets20.temp' is opened by 10904@DESKTOP-OCIQLOI

[2020-10-03 13:32:38 #3 type] 
Type domain.Event is not enhanced.

[2020-10-03 13:32:38 #4 type] 
Type domain.Question is not enhanced.

[2020-10-03 13:32:38 #5 type] 
Type domain.Kuota is not enhanced.

[2020-10-03 13:32:38 #6 type] 
Type domain.Apustua is not enhanced.

[2020-10-03 13:32:38 #7 type] 
Type domain.Pertsona is not enhanced.

[2020-10-03 13:32:38 #8 type] 
Type domain.PertsonaErregistratua is not enhanced.

