------------------------------------------------------------------------------------------------------------------------

[2020-10-17 13:24:31 #1 store] 
Database 'C:\Users\Garazi\Desktop\Informatika\SI2\Proiektua\Bets2021\src\main\resources\bets.temp' has been recovered (tr. 457-457)

[2020-10-17 13:24:31 #2 store] 
Database 'C:\Users\Garazi\Desktop\Informatika\SI2\Proiektua\Bets2021\src\main\resources\bets.temp' is opened by 7524@DESKTOP-OCIQLOI

[2020-10-17 13:24:32 #3 type] 
Type domain.Question is not enhanced.

[2020-10-17 13:24:32 #4 type] 
Type domain.Event is not enhanced.

[2020-10-17 13:24:32 #5 type] 
Type domain.Kuota is not enhanced.

[2020-10-17 13:24:32 #6 type] 
Type domain.Apustua is not enhanced.

[2020-10-17 13:24:32 #7 type] 
Type domain.Pertsona is not enhanced.

[2020-10-17 13:24:32 #8 type] 
Type domain.PertsonaErregistratua is not enhanced.

------------------------------------------------------------------------------------------------------------------------

[2020-10-17 13:24:32 #1 store] 
Database 'C:\Users\Garazi\Desktop\Informatika\SI2\Proiektua\Bets2021\src\main\resources\bets.temp' has been recovered (tr. 458-463)

[2020-10-17 13:24:32 #2 store] 
Database 'C:\Users\Garazi\Desktop\Informatika\SI2\Proiektua\Bets2021\src\main\resources\bets.temp' is opened by 2220@DESKTOP-OCIQLOI

[2020-10-17 13:24:32 #3 type] 
Type domain.Question is not enhanced.

[2020-10-17 13:24:32 #4 type] 
Type domain.Event is not enhanced.

[2020-10-17 13:24:32 #5 type] 
Type domain.Kuota is not enhanced.

[2020-10-17 13:24:32 #6 type] 
Type domain.Apustua is not enhanced.

[2020-10-17 13:24:32 #7 type] 
Type domain.Pertsona is not enhanced.

[2020-10-17 13:24:32 #8 type] 
Type domain.PertsonaErregistratua is not enhanced.

------------------------------------------------------------------------------------------------------------------------

[2020-10-17 13:24:51 #1 store] 
Database 'C:\Users\Garazi\Desktop\Informatika\SI2\Proiektua\Bets2021\src\main\resources\bets.temp' has been recovered (tr. 464-469)

[2020-10-17 13:24:51 #2 store] 
Database 'C:\Users\Garazi\Desktop\Informatika\SI2\Proiektua\Bets2021\src\main\resources\bets.temp' is opened by 12236@DESKTOP-OCIQLOI

[2020-10-17 13:24:51 #3 type] 
Type domain.Question is not enhanced.

[2020-10-17 13:24:51 #4 type] 
Type domain.Event is not enhanced.

[2020-10-17 13:24:51 #5 type] 
Type domain.Kuota is not enhanced.

[2020-10-17 13:24:51 #6 type] 
Type domain.Apustua is not enhanced.

[2020-10-17 13:24:51 #7 type] 
Type domain.Pertsona is not enhanced.

[2020-10-17 13:24:51 #8 type] 
Type domain.PertsonaErregistratua is not enhanced.

------------------------------------------------------------------------------------------------------------------------

[2020-10-17 13:25:01 #1 store] 
Database 'C:\Users\Garazi\Desktop\Informatika\SI2\Proiektua\Bets2021\src\main\resources\bets.temp' has been recovered (tr. 470-475)

[2020-10-17 13:25:01 #2 store] 
Database 'C:\Users\Garazi\Desktop\Informatika\SI2\Proiektua\Bets2021\src\main\resources\bets.temp' is opened by 7732@DESKTOP-OCIQLOI

[2020-10-17 13:25:01 #3 type] 
Type domain.Question is not enhanced.

[2020-10-17 13:25:01 #4 type] 
Type domain.Event is not enhanced.

[2020-10-17 13:25:01 #5 type] 
Type domain.Kuota is not enhanced.

[2020-10-17 13:25:01 #6 type] 
Type domain.Apustua is not enhanced.

[2020-10-17 13:25:01 #7 type] 
Type domain.Pertsona is not enhanced.

[2020-10-17 13:25:01 #8 type] 
Type domain.PertsonaErregistratua is not enhanced.

------------------------------------------------------------------------------------------------------------------------

[2020-10-17 14:04:31 #1 store] 
Database 'C:\Users\Garazi\Desktop\Informatika\SI2\Proiektua\Bets2021\src\main\resources\bets.temp' has been recovered (tr. 476-481)

[2020-10-17 14:04:31 #2 store] 
Database 'C:\Users\Garazi\Desktop\Informatika\SI2\Proiektua\Bets2021\src\main\resources\bets.temp' is opened by 10624@DESKTOP-OCIQLOI

[2020-10-17 14:04:32 #3 type] 
Type domain.Question is not enhanced.

[2020-10-17 14:04:32 #4 type] 
Type domain.Event is not enhanced.

[2020-10-17 14:04:32 #5 type] 
Type domain.Kuota is not enhanced.

[2020-10-17 14:04:32 #6 type] 
Type domain.Apustua is not enhanced.

[2020-10-17 14:04:32 #7 type] 
Type domain.Pertsona is not enhanced.

[2020-10-17 14:04:32 #8 type] 
Type domain.PertsonaErregistratua is not enhanced.

------------------------------------------------------------------------------------------------------------------------

[2020-10-17 14:04:48 #1 store] 
Database 'C:\Users\Garazi\Desktop\Informatika\SI2\Proiektua\Bets2021\src\main\resources\bets.temp' is opened by 13044@DESKTOP-OCIQLOI

[2020-10-17 14:04:48 #2 type] 
Type domain.Question is not enhanced.

[2020-10-17 14:04:48 #3 type] 
Type domain.Event is not enhanced.

[2020-10-17 14:04:48 #4 type] 
Type domain.Kuota is not enhanced.

[2020-10-17 14:04:48 #5 type] 
Type domain.Apustua is not enhanced.

[2020-10-17 14:04:48 #6 type] 
Type domain.Pertsona is not enhanced.

[2020-10-17 14:04:48 #7 type] 
Type domain.PertsonaErregistratua is not enhanced.

------------------------------------------------------------------------------------------------------------------------

[2020-10-17 14:06:27 #1 store] 
Database 'C:\Users\Garazi\Desktop\Informatika\SI2\Proiektua\Bets2021\src\main\resources\bets.temp' is opened by 5688@DESKTOP-OCIQLOI

[2020-10-17 14:06:27 #2 type] 
Type domain.Question is not enhanced.

[2020-10-17 14:06:28 #3 type] 
Type domain.Event is not enhanced.

[2020-10-17 14:06:28 #4 type] 
Type domain.Kuota is not enhanced.

[2020-10-17 14:06:28 #5 type] 
Type domain.Apustua is not enhanced.

[2020-10-17 14:06:28 #6 type] 
Type domain.Pertsona is not enhanced.

[2020-10-17 14:06:28 #7 type] 
Type domain.PertsonaErregistratua is not enhanced.

------------------------------------------------------------------------------------------------------------------------

[2020-10-17 14:07:34 #1 store] 
Database 'C:\Users\Garazi\Desktop\Informatika\SI2\Proiektua\Bets2021\src\main\resources\bets.temp' is opened by 5796@DESKTOP-OCIQLOI

[2020-10-17 14:07:34 #2 type] 
Type domain.Question is not enhanced.

[2020-10-17 14:07:34 #3 type] 
Type domain.Event is not enhanced.

[2020-10-17 14:07:34 #4 type] 
Type domain.Kuota is not enhanced.

[2020-10-17 14:07:34 #5 type] 
Type domain.Apustua is not enhanced.

[2020-10-17 14:07:34 #6 type] 
Type domain.Pertsona is not enhanced.

[2020-10-17 14:07:34 #7 type] 
Type domain.PertsonaErregistratua is not enhanced.

------------------------------------------------------------------------------------------------------------------------

[2020-10-17 14:11:11 #1 store] 
Database 'C:\Users\Garazi\Desktop\Informatika\SI2\Proiektua\Bets2021\src\main\resources\bets.temp' is opened by 12852@DESKTOP-OCIQLOI

[2020-10-17 14:11:11 #2 type] 
Type domain.Question is not enhanced.

[2020-10-17 14:11:11 #3 type] 
Type domain.Event is not enhanced.

[2020-10-17 14:11:11 #4 type] 
Type domain.Kuota is not enhanced.

[2020-10-17 14:11:11 #5 type] 
Type domain.Apustua is not enhanced.

[2020-10-17 14:11:11 #6 type] 
Type domain.Pertsona is not enhanced.

[2020-10-17 14:11:11 #7 type] 
Type domain.PertsonaErregistratua is not enhanced.

------------------------------------------------------------------------------------------------------------------------

[2020-10-17 14:11:48 #1 store] 
Database 'C:\Users\Garazi\Desktop\Informatika\SI2\Proiektua\Bets2021\src\main\resources\bets.temp' has been recovered (tr. 489-491)

[2020-10-17 14:11:48 #2 store] 
Database 'C:\Users\Garazi\Desktop\Informatika\SI2\Proiektua\Bets2021\src\main\resources\bets.temp' is opened by 4956@DESKTOP-OCIQLOI

[2020-10-17 14:11:48 #3 type] 
Type domain.Question is not enhanced.

[2020-10-17 14:11:48 #4 type] 
Type domain.Event is not enhanced.

[2020-10-17 14:11:48 #5 type] 
Type domain.Kuota is not enhanced.

[2020-10-17 14:11:48 #6 type] 
Type domain.Apustua is not enhanced.

[2020-10-17 14:11:48 #7 type] 
Type domain.Pertsona is not enhanced.

[2020-10-17 14:11:48 #8 type] 
Type domain.PertsonaErregistratua is not enhanced.

------------------------------------------------------------------------------------------------------------------------

[2020-10-17 14:20:25 #1 store] 
Database 'C:\Users\Garazi\Desktop\Informatika\SI2\Proiektua\Bets2021\src\main\resources\bets.temp' has been recovered (tr. 492-493)

[2020-10-17 14:20:25 #2 store] 
Database 'C:\Users\Garazi\Desktop\Informatika\SI2\Proiektua\Bets2021\src\main\resources\bets.temp' is opened by 520@DESKTOP-OCIQLOI

[2020-10-17 14:20:25 #3 type] 
Type domain.Question is not enhanced.

[2020-10-17 14:20:25 #4 type] 
Type domain.Event is not enhanced.

[2020-10-17 14:20:25 #5 type] 
Type domain.Kuota is not enhanced.

[2020-10-17 14:20:25 #6 type] 
Type domain.Apustua is not enhanced.

[2020-10-17 14:20:25 #7 type] 
Type domain.Pertsona is not enhanced.

[2020-10-17 14:20:25 #8 type] 
Type domain.PertsonaErregistratua is not enhanced.

------------------------------------------------------------------------------------------------------------------------

[2020-10-17 14:24:15 #1 store] 
Database 'C:\Users\Garazi\Desktop\Informatika\SI2\Proiektua\Bets2021\src\main\resources\bets.temp' is opened by 7232@DESKTOP-OCIQLOI

[2020-10-17 14:24:15 #2 type] 
Type domain.Question is not enhanced.

[2020-10-17 14:24:15 #3 type] 
Type domain.Event is not enhanced.

[2020-10-17 14:24:15 #4 type] 
Type domain.Kuota is not enhanced.

[2020-10-17 14:24:15 #5 type] 
Type domain.Apustua is not enhanced.

[2020-10-17 14:24:15 #6 type] 
Type domain.Pertsona is not enhanced.

[2020-10-17 14:24:15 #7 type] 
Type domain.PertsonaErregistratua is not enhanced.

------------------------------------------------------------------------------------------------------------------------

[2020-10-17 14:27:00 #1 store] 
Database 'C:\Users\Garazi\Desktop\Informatika\SI2\Proiektua\Bets2021\src\main\resources\bets.temp' has been recovered (tr. 498-501)

[2020-10-17 14:27:00 #2 store] 
Database 'C:\Users\Garazi\Desktop\Informatika\SI2\Proiektua\Bets2021\src\main\resources\bets.temp' is opened by 7516@DESKTOP-OCIQLOI

[2020-10-17 14:27:00 #3 type] 
Type domain.Question is not enhanced.

[2020-10-17 14:27:00 #4 type] 
Type domain.Event is not enhanced.

[2020-10-17 14:27:00 #5 type] 
Type domain.Kuota is not enhanced.

[2020-10-17 14:27:00 #6 type] 
Type domain.Apustua is not enhanced.

[2020-10-17 14:27:00 #7 type] 
Type domain.Pertsona is not enhanced.

[2020-10-17 14:27:00 #8 type] 
Type domain.PertsonaErregistratua is not enhanced.

------------------------------------------------------------------------------------------------------------------------

[2020-10-17 14:31:56 #1 store] 
Database 'C:\Users\Garazi\Desktop\Informatika\SI2\Proiektua\Bets2021\src\main\resources\bets.temp' is opened by 9996@DESKTOP-OCIQLOI

[2020-10-17 14:31:56 #2 type] 
Type domain.Question is not enhanced.

[2020-10-17 14:31:56 #3 type] 
Type domain.Event is not enhanced.

[2020-10-17 14:31:56 #4 type] 
Type domain.Kuota is not enhanced.

[2020-10-17 14:31:56 #5 type] 
Type domain.Apustua is not enhanced.

[2020-10-17 14:31:56 #6 type] 
Type domain.Pertsona is not enhanced.

[2020-10-17 14:31:56 #7 type] 
Type domain.PertsonaErregistratua is not enhanced.

------------------------------------------------------------------------------------------------------------------------

[2020-10-17 14:33:13 #1 store] 
Database 'C:\Users\Garazi\Desktop\Informatika\SI2\Proiektua\Bets2021\src\main\resources\bets.temp' has been recovered (tr. 508-515)

[2020-10-17 14:33:13 #2 store] 
Database 'C:\Users\Garazi\Desktop\Informatika\SI2\Proiektua\Bets2021\src\main\resources\bets.temp' is opened by 12036@DESKTOP-OCIQLOI

[2020-10-17 14:33:13 #3 type] 
Type domain.Question is not enhanced.

[2020-10-17 14:33:13 #4 type] 
Type domain.Event is not enhanced.

[2020-10-17 14:33:13 #5 type] 
Type domain.Kuota is not enhanced.

[2020-10-17 14:33:13 #6 type] 
Type domain.Apustua is not enhanced.

[2020-10-17 14:33:13 #7 type] 
Type domain.Pertsona is not enhanced.

[2020-10-17 14:33:13 #8 type] 
Type domain.PertsonaErregistratua is not enhanced.

------------------------------------------------------------------------------------------------------------------------

[2020-10-17 14:34:29 #1 store] 
Database 'C:\Users\Garazi\Desktop\Informatika\SI2\Proiektua\Bets2021\src\main\resources\bets.temp' has been recovered (tr. 516-525)

[2020-10-17 14:34:29 #2 store] 
Database 'C:\Users\Garazi\Desktop\Informatika\SI2\Proiektua\Bets2021\src\main\resources\bets.temp' is opened by 5904@DESKTOP-OCIQLOI

[2020-10-17 14:34:29 #3 type] 
Type domain.Question is not enhanced.

[2020-10-17 14:34:29 #4 type] 
Type domain.Event is not enhanced.

[2020-10-17 14:34:29 #5 type] 
Type domain.Kuota is not enhanced.

[2020-10-17 14:34:29 #6 type] 
Type domain.Apustua is not enhanced.

[2020-10-17 14:34:29 #7 type] 
Type domain.Pertsona is not enhanced.

[2020-10-17 14:34:29 #8 type] 
Type domain.PertsonaErregistratua is not enhanced.

------------------------------------------------------------------------------------------------------------------------

[2020-10-17 17:22:58 #1 store] 
Database 'C:\Users\Garazi\Desktop\Informatika\SI2\Proiektua\Bets2021\src\main\resources\bets.temp' has been recovered (tr. 526-537)

[2020-10-17 17:22:58 #2 store] 
Database 'C:\Users\Garazi\Desktop\Informatika\SI2\Proiektua\Bets2021\src\main\resources\bets.temp' is opened by 12412@DESKTOP-OCIQLOI

[2020-10-17 17:22:58 #3 type] 
Type domain.Question is not enhanced.

[2020-10-17 17:22:58 #4 type] 
Type domain.Event is not enhanced.

[2020-10-17 17:22:58 #5 type] 
Type domain.Kuota is not enhanced.

[2020-10-17 17:22:58 #6 type] 
Type domain.Apustua is not enhanced.

[2020-10-17 17:22:58 #7 type] 
Type domain.Pertsona is not enhanced.

[2020-10-17 17:22:58 #8 type] 
Type domain.PertsonaErregistratua is not enhanced.

------------------------------------------------------------------------------------------------------------------------

[2020-10-17 17:23:27 #1 store] 
Database 'C:\Users\Garazi\Desktop\Informatika\SI2\Proiektua\Bets2021\src\main\resources\bets.temp' has been recovered (tr. 538-549)

[2020-10-17 17:23:27 #2 store] 
Database 'C:\Users\Garazi\Desktop\Informatika\SI2\Proiektua\Bets2021\src\main\resources\bets.temp' is opened by 10372@DESKTOP-OCIQLOI

[2020-10-17 17:23:27 #3 type] 
Type domain.Question is not enhanced.

[2020-10-17 17:23:27 #4 type] 
Type domain.Event is not enhanced.

[2020-10-17 17:23:27 #5 type] 
Type domain.Kuota is not enhanced.

[2020-10-17 17:23:27 #6 type] 
Type domain.Apustua is not enhanced.

[2020-10-17 17:23:27 #7 type] 
Type domain.Pertsona is not enhanced.

[2020-10-17 17:23:27 #8 type] 
Type domain.PertsonaErregistratua is not enhanced.

------------------------------------------------------------------------------------------------------------------------

[2020-10-17 17:23:54 #1 store] 
Database 'C:\Users\Garazi\Desktop\Informatika\SI2\Proiektua\Bets2021\src\main\resources\bets.temp' has been recovered (tr. 550-561)

[2020-10-17 17:23:54 #2 store] 
Database 'C:\Users\Garazi\Desktop\Informatika\SI2\Proiektua\Bets2021\src\main\resources\bets.temp' is opened by 16760@DESKTOP-OCIQLOI

[2020-10-17 17:23:54 #3 type] 
Type domain.Question is not enhanced.

[2020-10-17 17:23:54 #4 type] 
Type domain.Event is not enhanced.

[2020-10-17 17:23:54 #5 type] 
Type domain.Kuota is not enhanced.

[2020-10-17 17:23:54 #6 type] 
Type domain.Apustua is not enhanced.

[2020-10-17 17:23:54 #7 type] 
Type domain.Pertsona is not enhanced.

[2020-10-17 17:23:54 #8 type] 
Type domain.PertsonaErregistratua is not enhanced.

------------------------------------------------------------------------------------------------------------------------

[2020-10-17 17:35:06 #1 store] 
Database 'C:\Users\Garazi\Desktop\Informatika\SI2\Proiektua\Bets2021\src\main\resources\bets.temp' has been recovered (tr. 562-573)

[2020-10-17 17:35:06 #2 store] 
Database 'C:\Users\Garazi\Desktop\Informatika\SI2\Proiektua\Bets2021\src\main\resources\bets.temp' is opened by 8652@DESKTOP-OCIQLOI

[2020-10-17 17:35:06 #3 type] 
Type domain.Question is not enhanced.

[2020-10-17 17:35:06 #4 type] 
Type domain.Event is not enhanced.

[2020-10-17 17:35:06 #5 type] 
Type domain.Kuota is not enhanced.

[2020-10-17 17:35:06 #6 type] 
Type domain.Apustua is not enhanced.

[2020-10-17 17:35:06 #7 type] 
Type domain.Pertsona is not enhanced.

[2020-10-17 17:35:06 #8 type] 
Type domain.PertsonaErregistratua is not enhanced.

------------------------------------------------------------------------------------------------------------------------

[2020-10-17 17:50:06 #1 store] 
Database 'C:\Users\Garazi\Desktop\Informatika\SI2\Proiektua\Bets2021\src\main\resources\bets.temp' has been recovered (tr. 574-583)

[2020-10-17 17:50:06 #2 store] 
Database 'C:\Users\Garazi\Desktop\Informatika\SI2\Proiektua\Bets2021\src\main\resources\bets.temp' is opened by 6808@DESKTOP-OCIQLOI

[2020-10-17 17:50:06 #3 type] 
Type domain.Question is not enhanced.

[2020-10-17 17:50:06 #4 type] 
Type domain.Event is not enhanced.

[2020-10-17 17:50:06 #5 type] 
Type domain.Kuota is not enhanced.

[2020-10-17 17:50:06 #6 type] 
Type domain.Apustua is not enhanced.

[2020-10-17 17:50:06 #7 type] 
Type domain.Pertsona is not enhanced.

[2020-10-17 17:50:06 #8 type] 
Type domain.PertsonaErregistratua is not enhanced.

------------------------------------------------------------------------------------------------------------------------

[2020-10-17 18:22:12 #1 store] 
Database 'C:\Users\Garazi\Desktop\Informatika\SI2\Proiektua\Bets2021\src\main\resources\bets.temp' has been recovered (tr. 584-593)

[2020-10-17 18:22:12 #2 store] 
Database 'C:\Users\Garazi\Desktop\Informatika\SI2\Proiektua\Bets2021\src\main\resources\bets.temp' is opened by 5316@DESKTOP-OCIQLOI

[2020-10-17 18:22:12 #3 type] 
Type domain.Question is not enhanced.

[2020-10-17 18:22:12 #4 type] 
Type domain.Event is not enhanced.

[2020-10-17 18:22:12 #5 type] 
Type domain.Kuota is not enhanced.

[2020-10-17 18:22:12 #6 type] 
Type domain.Apustua is not enhanced.

[2020-10-17 18:22:12 #7 type] 
Type domain.Pertsona is not enhanced.

[2020-10-17 18:22:12 #8 type] 
Type domain.PertsonaErregistratua is not enhanced.

