------------------------------------------------------------------------------------------------------------------------

[2020-11-19 17:09:48 #1 store] 
Database 'C:\Users\Garazi\Desktop\Informatika\SI2\lab6\Bets2021\src\main\resources\bets.temp' is opened by 12788@DESKTOP-OCIQLOI

[2020-11-19 17:09:48 #2 type] 
Type domain.Pertsona is not enhanced.

[2020-11-19 17:09:49 #3 type] 
Type domain.PertsonaErregistratua is not enhanced.

[2020-11-19 17:09:49 #4 type] 
Type domain.Apustua is not enhanced.

[2020-11-19 17:09:49 #5 type] 
Type domain.Kuota is not enhanced.

[2020-11-19 17:09:49 #6 type] 
Type domain.Question is not enhanced.

[2020-11-19 17:09:49 #7 type] 
Type domain.Event is not enhanced.

[2020-11-19 17:09:49 #8 type] 
Type domain.Administratzailea is not enhanced.

[2020-11-19 17:09:49 #9 type] 
Type domain.DiruMugimendua is not enhanced.

------------------------------------------------------------------------------------------------------------------------

[2020-11-19 17:18:15 #1 store] 
Database 'C:\Users\Garazi\Desktop\Informatika\SI2\lab6\Bets2021\src\main\resources\bets.temp' is opened by 14244@DESKTOP-OCIQLOI

[2020-11-19 17:18:15 #2 type] 
Type domain.Pertsona is not enhanced.

[2020-11-19 17:18:15 #3 type] 
Type domain.PertsonaErregistratua is not enhanced.

[2020-11-19 17:18:15 #4 type] 
Type domain.Apustua is not enhanced.

[2020-11-19 17:18:15 #5 type] 
Type domain.Kuota is not enhanced.

[2020-11-19 17:18:15 #6 type] 
Type domain.Question is not enhanced.

[2020-11-19 17:18:15 #7 type] 
Type domain.Event is not enhanced.

[2020-11-19 17:18:15 #8 type] 
Type domain.Administratzailea is not enhanced.

[2020-11-19 17:18:15 #9 type] 
Type domain.DiruMugimendua is not enhanced.

