------------------------------------------------------------------------------------------------------------------------

[2020-10-25 17:23:52 #1 store] 
Database 'C:\Users\Garazi\Desktop\Informatika\SI2\Proiektua\Bets2021\src\main\resources\bets.temp' has been recovered (tr. 30-31)

[2020-10-25 17:23:52 #2 store] 
Database 'C:\Users\Garazi\Desktop\Informatika\SI2\Proiektua\Bets2021\src\main\resources\bets.temp' is opened by 1400@DESKTOP-OCIQLOI

[2020-10-25 17:23:53 #3 type] 
Type domain.Pertsona is not enhanced.

[2020-10-25 17:23:53 #4 type] 
Type domain.PertsonaErregistratua is not enhanced.

[2020-10-25 17:23:53 #5 type] 
Type domain.Apustua is not enhanced.

[2020-10-25 17:23:53 #6 type] 
Type domain.Kuota is not enhanced.

[2020-10-25 17:23:53 #7 type] 
Type domain.Question is not enhanced.

[2020-10-25 17:23:53 #8 type] 
Type domain.Event is not enhanced.

------------------------------------------------------------------------------------------------------------------------

[2020-10-25 17:44:51 #1 store] 
Database 'C:\Users\Garazi\Desktop\Informatika\SI2\Proiektua\Bets2021\src\main\resources\bets.temp' is opened by 11072@DESKTOP-OCIQLOI

[2020-10-25 17:44:51 #2 type] 
Type domain.Pertsona is not enhanced.

[2020-10-25 17:44:51 #3 type] 
Type domain.PertsonaErregistratua is not enhanced.

[2020-10-25 17:44:51 #4 type] 
Type domain.Apustua is not enhanced.

[2020-10-25 17:44:51 #5 type] 
Type domain.Kuota is not enhanced.

[2020-10-25 17:44:51 #6 type] 
Type domain.Question is not enhanced.

[2020-10-25 17:44:51 #7 type] 
Type domain.Event is not enhanced.

------------------------------------------------------------------------------------------------------------------------

[2020-10-25 17:45:03 #1 store] 
Database 'C:\Users\Garazi\Desktop\Informatika\SI2\Proiektua\Bets2021\src\main\resources\bets.temp' has been recovered (tr. 32-33)

[2020-10-25 17:45:03 #2 store] 
Database 'C:\Users\Garazi\Desktop\Informatika\SI2\Proiektua\Bets2021\src\main\resources\bets.temp' is opened by 10640@DESKTOP-OCIQLOI

[2020-10-25 17:45:03 #3 type] 
Type domain.Pertsona is not enhanced.

[2020-10-25 17:45:03 #4 type] 
Type domain.PertsonaErregistratua is not enhanced.

[2020-10-25 17:45:03 #5 type] 
Type domain.Apustua is not enhanced.

[2020-10-25 17:45:03 #6 type] 
Type domain.Kuota is not enhanced.

[2020-10-25 17:45:03 #7 type] 
Type domain.Question is not enhanced.

[2020-10-25 17:45:03 #8 type] 
Type domain.Event is not enhanced.

------------------------------------------------------------------------------------------------------------------------

[2020-10-25 18:15:42 #1 store] 
Database 'C:\Users\Garazi\Desktop\Informatika\SI2\Proiektua\Bets2021\src\main\resources\bets.temp' is opened by 4996@DESKTOP-OCIQLOI

[2020-10-25 18:15:42 #2 type] 
Type domain.Pertsona is not enhanced.

[2020-10-25 18:15:42 #3 type] 
Type domain.PertsonaErregistratua is not enhanced.

[2020-10-25 18:15:42 #4 type] 
Type domain.Apustua is not enhanced.

[2020-10-25 18:15:42 #5 type] 
Type domain.Kuota is not enhanced.

[2020-10-25 18:15:42 #6 type] 
Type domain.Question is not enhanced.

[2020-10-25 18:15:42 #7 type] 
Type domain.Event is not enhanced.

------------------------------------------------------------------------------------------------------------------------

[2020-10-25 18:16:26 #1 store] 
Database 'C:\Users\Garazi\Desktop\Informatika\SI2\Proiektua\Bets2021\src\main\resources\bets.temp' has been recovered (tr. 34-37)

[2020-10-25 18:16:27 #2 store] 
Database 'C:\Users\Garazi\Desktop\Informatika\SI2\Proiektua\Bets2021\src\main\resources\bets.temp' is opened by 17220@DESKTOP-OCIQLOI

[2020-10-25 18:16:27 #3 type] 
Type domain.Pertsona is not enhanced.

[2020-10-25 18:16:27 #4 type] 
Type domain.PertsonaErregistratua is not enhanced.

[2020-10-25 18:16:27 #5 type] 
Type domain.Apustua is not enhanced.

[2020-10-25 18:16:27 #6 type] 
Type domain.Kuota is not enhanced.

[2020-10-25 18:16:27 #7 type] 
Type domain.Question is not enhanced.

[2020-10-25 18:16:27 #8 type] 
Type domain.Event is not enhanced.

------------------------------------------------------------------------------------------------------------------------

[2020-10-25 18:18:25 #1 store] 
Database 'C:\Users\Garazi\Desktop\Informatika\SI2\Proiektua\Bets2021\src\main\resources\bets.temp' has been recovered (tr. 38-43)

[2020-10-25 18:18:25 #2 store] 
Database 'C:\Users\Garazi\Desktop\Informatika\SI2\Proiektua\Bets2021\src\main\resources\bets.temp' is opened by 6428@DESKTOP-OCIQLOI

[2020-10-25 18:18:26 #3 type] 
Type domain.Pertsona is not enhanced.

[2020-10-25 18:18:26 #4 type] 
Type domain.PertsonaErregistratua is not enhanced.

[2020-10-25 18:18:26 #5 type] 
Type domain.Apustua is not enhanced.

[2020-10-25 18:18:26 #6 type] 
Type domain.Kuota is not enhanced.

[2020-10-25 18:18:26 #7 type] 
Type domain.Question is not enhanced.

[2020-10-25 18:18:26 #8 type] 
Type domain.Event is not enhanced.

