------------------------------------------------------------------------------------------------------------------------

[2020-10-17 13:24:31 #1 store] 
Database 'C:\Users\Garazi\Desktop\Informatika\SI2\Proiektua\Bets2021\src\main\resources\bets.temp' has been recovered (tr. 457-457)

[2020-10-17 13:24:31 #2 store] 
Database 'C:\Users\Garazi\Desktop\Informatika\SI2\Proiektua\Bets2021\src\main\resources\bets.temp' is opened by 7524@DESKTOP-OCIQLOI

[2020-10-17 13:24:32 #3 type] 
Type domain.Question is not enhanced.

[2020-10-17 13:24:32 #4 type] 
Type domain.Event is not enhanced.

[2020-10-17 13:24:32 #5 type] 
Type domain.Kuota is not enhanced.

[2020-10-17 13:24:32 #6 type] 
Type domain.Apustua is not enhanced.

[2020-10-17 13:24:32 #7 type] 
Type domain.Pertsona is not enhanced.

[2020-10-17 13:24:32 #8 type] 
Type domain.PertsonaErregistratua is not enhanced.

------------------------------------------------------------------------------------------------------------------------

[2020-10-17 13:24:32 #1 store] 
Database 'C:\Users\Garazi\Desktop\Informatika\SI2\Proiektua\Bets2021\src\main\resources\bets.temp' has been recovered (tr. 458-463)

[2020-10-17 13:24:32 #2 store] 
Database 'C:\Users\Garazi\Desktop\Informatika\SI2\Proiektua\Bets2021\src\main\resources\bets.temp' is opened by 2220@DESKTOP-OCIQLOI

[2020-10-17 13:24:32 #3 type] 
Type domain.Question is not enhanced.

[2020-10-17 13:24:32 #4 type] 
Type domain.Event is not enhanced.

[2020-10-17 13:24:32 #5 type] 
Type domain.Kuota is not enhanced.

[2020-10-17 13:24:32 #6 type] 
Type domain.Apustua is not enhanced.

[2020-10-17 13:24:32 #7 type] 
Type domain.Pertsona is not enhanced.

[2020-10-17 13:24:32 #8 type] 
Type domain.PertsonaErregistratua is not enhanced.

------------------------------------------------------------------------------------------------------------------------

[2020-10-17 13:24:51 #1 store] 
Database 'C:\Users\Garazi\Desktop\Informatika\SI2\Proiektua\Bets2021\src\main\resources\bets.temp' has been recovered (tr. 464-469)

[2020-10-17 13:24:51 #2 store] 
Database 'C:\Users\Garazi\Desktop\Informatika\SI2\Proiektua\Bets2021\src\main\resources\bets.temp' is opened by 12236@DESKTOP-OCIQLOI

[2020-10-17 13:24:51 #3 type] 
Type domain.Question is not enhanced.

[2020-10-17 13:24:51 #4 type] 
Type domain.Event is not enhanced.

[2020-10-17 13:24:51 #5 type] 
Type domain.Kuota is not enhanced.

[2020-10-17 13:24:51 #6 type] 
Type domain.Apustua is not enhanced.

[2020-10-17 13:24:51 #7 type] 
Type domain.Pertsona is not enhanced.

[2020-10-17 13:24:51 #8 type] 
Type domain.PertsonaErregistratua is not enhanced.

------------------------------------------------------------------------------------------------------------------------

[2020-10-17 13:25:01 #1 store] 
Database 'C:\Users\Garazi\Desktop\Informatika\SI2\Proiektua\Bets2021\src\main\resources\bets.temp' has been recovered (tr. 470-475)

[2020-10-17 13:25:01 #2 store] 
Database 'C:\Users\Garazi\Desktop\Informatika\SI2\Proiektua\Bets2021\src\main\resources\bets.temp' is opened by 7732@DESKTOP-OCIQLOI

[2020-10-17 13:25:01 #3 type] 
Type domain.Question is not enhanced.

[2020-10-17 13:25:01 #4 type] 
Type domain.Event is not enhanced.

[2020-10-17 13:25:01 #5 type] 
Type domain.Kuota is not enhanced.

[2020-10-17 13:25:01 #6 type] 
Type domain.Apustua is not enhanced.

[2020-10-17 13:25:01 #7 type] 
Type domain.Pertsona is not enhanced.

[2020-10-17 13:25:01 #8 type] 
Type domain.PertsonaErregistratua is not enhanced.

------------------------------------------------------------------------------------------------------------------------

[2020-10-17 14:04:31 #1 store] 
Database 'C:\Users\Garazi\Desktop\Informatika\SI2\Proiektua\Bets2021\src\main\resources\bets.temp' has been recovered (tr. 476-481)

[2020-10-17 14:04:31 #2 store] 
Database 'C:\Users\Garazi\Desktop\Informatika\SI2\Proiektua\Bets2021\src\main\resources\bets.temp' is opened by 10624@DESKTOP-OCIQLOI

[2020-10-17 14:04:32 #3 type] 
Type domain.Question is not enhanced.

[2020-10-17 14:04:32 #4 type] 
Type domain.Event is not enhanced.

[2020-10-17 14:04:32 #5 type] 
Type domain.Kuota is not enhanced.

[2020-10-17 14:04:32 #6 type] 
Type domain.Apustua is not enhanced.

[2020-10-17 14:04:32 #7 type] 
Type domain.Pertsona is not enhanced.

[2020-10-17 14:04:32 #8 type] 
Type domain.PertsonaErregistratua is not enhanced.

------------------------------------------------------------------------------------------------------------------------

[2020-10-17 14:04:48 #1 store] 
Database 'C:\Users\Garazi\Desktop\Informatika\SI2\Proiektua\Bets2021\src\main\resources\bets.temp' is opened by 13044@DESKTOP-OCIQLOI

[2020-10-17 14:04:48 #2 type] 
Type domain.Question is not enhanced.

[2020-10-17 14:04:48 #3 type] 
Type domain.Event is not enhanced.

[2020-10-17 14:04:48 #4 type] 
Type domain.Kuota is not enhanced.

[2020-10-17 14:04:48 #5 type] 
Type domain.Apustua is not enhanced.

[2020-10-17 14:04:48 #6 type] 
Type domain.Pertsona is not enhanced.

[2020-10-17 14:04:48 #7 type] 
Type domain.PertsonaErregistratua is not enhanced.

------------------------------------------------------------------------------------------------------------------------

[2020-10-17 14:06:27 #1 store] 
Database 'C:\Users\Garazi\Desktop\Informatika\SI2\Proiektua\Bets2021\src\main\resources\bets.temp' is opened by 5688@DESKTOP-OCIQLOI

[2020-10-17 14:06:27 #2 type] 
Type domain.Question is not enhanced.

[2020-10-17 14:06:28 #3 type] 
Type domain.Event is not enhanced.

[2020-10-17 14:06:28 #4 type] 
Type domain.Kuota is not enhanced.

[2020-10-17 14:06:28 #5 type] 
Type domain.Apustua is not enhanced.

[2020-10-17 14:06:28 #6 type] 
Type domain.Pertsona is not enhanced.

[2020-10-17 14:06:28 #7 type] 
Type domain.PertsonaErregistratua is not enhanced.

------------------------------------------------------------------------------------------------------------------------

[2020-10-17 14:07:34 #1 store] 
Database 'C:\Users\Garazi\Desktop\Informatika\SI2\Proiektua\Bets2021\src\main\resources\bets.temp' is opened by 5796@DESKTOP-OCIQLOI

[2020-10-17 14:07:34 #2 type] 
Type domain.Question is not enhanced.

[2020-10-17 14:07:34 #3 type] 
Type domain.Event is not enhanced.

[2020-10-17 14:07:34 #4 type] 
Type domain.Kuota is not enhanced.

[2020-10-17 14:07:34 #5 type] 
Type domain.Apustua is not enhanced.

[2020-10-17 14:07:34 #6 type] 
Type domain.Pertsona is not enhanced.

[2020-10-17 14:07:34 #7 type] 
Type domain.PertsonaErregistratua is not enhanced.

------------------------------------------------------------------------------------------------------------------------

[2020-10-17 14:11:11 #1 store] 
Database 'C:\Users\Garazi\Desktop\Informatika\SI2\Proiektua\Bets2021\src\main\resources\bets.temp' is opened by 12852@DESKTOP-OCIQLOI

[2020-10-17 14:11:11 #2 type] 
Type domain.Question is not enhanced.

[2020-10-17 14:11:11 #3 type] 
Type domain.Event is not enhanced.

[2020-10-17 14:11:11 #4 type] 
Type domain.Kuota is not enhanced.

[2020-10-17 14:11:11 #5 type] 
Type domain.Apustua is not enhanced.

[2020-10-17 14:11:11 #6 type] 
Type domain.Pertsona is not enhanced.

[2020-10-17 14:11:11 #7 type] 
Type domain.PertsonaErregistratua is not enhanced.

------------------------------------------------------------------------------------------------------------------------

[2020-10-17 14:11:48 #1 store] 
Database 'C:\Users\Garazi\Desktop\Informatika\SI2\Proiektua\Bets2021\src\main\resources\bets.temp' has been recovered (tr. 489-491)

[2020-10-17 14:11:48 #2 store] 
Database 'C:\Users\Garazi\Desktop\Informatika\SI2\Proiektua\Bets2021\src\main\resources\bets.temp' is opened by 4956@DESKTOP-OCIQLOI

[2020-10-17 14:11:48 #3 type] 
Type domain.Question is not enhanced.

[2020-10-17 14:11:48 #4 type] 
Type domain.Event is not enhanced.

[2020-10-17 14:11:48 #5 type] 
Type domain.Kuota is not enhanced.

[2020-10-17 14:11:48 #6 type] 
Type domain.Apustua is not enhanced.

[2020-10-17 14:11:48 #7 type] 
Type domain.Pertsona is not enhanced.

[2020-10-17 14:11:48 #8 type] 
Type domain.PertsonaErregistratua is not enhanced.

------------------------------------------------------------------------------------------------------------------------

[2020-10-17 14:20:25 #1 store] 
Database 'C:\Users\Garazi\Desktop\Informatika\SI2\Proiektua\Bets2021\src\main\resources\bets.temp' has been recovered (tr. 492-493)

[2020-10-17 14:20:25 #2 store] 
Database 'C:\Users\Garazi\Desktop\Informatika\SI2\Proiektua\Bets2021\src\main\resources\bets.temp' is opened by 520@DESKTOP-OCIQLOI

[2020-10-17 14:20:25 #3 type] 
Type domain.Question is not enhanced.

[2020-10-17 14:20:25 #4 type] 
Type domain.Event is not enhanced.

[2020-10-17 14:20:25 #5 type] 
Type domain.Kuota is not enhanced.

[2020-10-17 14:20:25 #6 type] 
Type domain.Apustua is not enhanced.

[2020-10-17 14:20:25 #7 type] 
Type domain.Pertsona is not enhanced.

[2020-10-17 14:20:25 #8 type] 
Type domain.PertsonaErregistratua is not enhanced.

------------------------------------------------------------------------------------------------------------------------

[2020-10-17 14:24:15 #1 store] 
Database 'C:\Users\Garazi\Desktop\Informatika\SI2\Proiektua\Bets2021\src\main\resources\bets.temp' is opened by 7232@DESKTOP-OCIQLOI

[2020-10-17 14:24:15 #2 type] 
Type domain.Question is not enhanced.

[2020-10-17 14:24:15 #3 type] 
Type domain.Event is not enhanced.

[2020-10-17 14:24:15 #4 type] 
Type domain.Kuota is not enhanced.

[2020-10-17 14:24:15 #5 type] 
Type domain.Apustua is not enhanced.

[2020-10-17 14:24:15 #6 type] 
Type domain.Pertsona is not enhanced.

[2020-10-17 14:24:15 #7 type] 
Type domain.PertsonaErregistratua is not enhanced.

------------------------------------------------------------------------------------------------------------------------

[2020-10-17 14:27:00 #1 store] 
Database 'C:\Users\Garazi\Desktop\Informatika\SI2\Proiektua\Bets2021\src\main\resources\bets.temp' has been recovered (tr. 498-501)

[2020-10-17 14:27:00 #2 store] 
Database 'C:\Users\Garazi\Desktop\Informatika\SI2\Proiektua\Bets2021\src\main\resources\bets.temp' is opened by 7516@DESKTOP-OCIQLOI

[2020-10-17 14:27:00 #3 type] 
Type domain.Question is not enhanced.

[2020-10-17 14:27:00 #4 type] 
Type domain.Event is not enhanced.

[2020-10-17 14:27:00 #5 type] 
Type domain.Kuota is not enhanced.

[2020-10-17 14:27:00 #6 type] 
Type domain.Apustua is not enhanced.

[2020-10-17 14:27:00 #7 type] 
Type domain.Pertsona is not enhanced.

[2020-10-17 14:27:00 #8 type] 
Type domain.PertsonaErregistratua is not enhanced.

------------------------------------------------------------------------------------------------------------------------

[2020-10-17 14:31:56 #1 store] 
Database 'C:\Users\Garazi\Desktop\Informatika\SI2\Proiektua\Bets2021\src\main\resources\bets.temp' is opened by 9996@DESKTOP-OCIQLOI

[2020-10-17 14:31:56 #2 type] 
Type domain.Question is not enhanced.

[2020-10-17 14:31:56 #3 type] 
Type domain.Event is not enhanced.

[2020-10-17 14:31:56 #4 type] 
Type domain.Kuota is not enhanced.

[2020-10-17 14:31:56 #5 type] 
Type domain.Apustua is not enhanced.

[2020-10-17 14:31:56 #6 type] 
Type domain.Pertsona is not enhanced.

[2020-10-17 14:31:56 #7 type] 
Type domain.PertsonaErregistratua is not enhanced.

------------------------------------------------------------------------------------------------------------------------

[2020-10-17 14:33:13 #1 store] 
Database 'C:\Users\Garazi\Desktop\Informatika\SI2\Proiektua\Bets2021\src\main\resources\bets.temp' has been recovered (tr. 508-515)

[2020-10-17 14:33:13 #2 store] 
Database 'C:\Users\Garazi\Desktop\Informatika\SI2\Proiektua\Bets2021\src\main\resources\bets.temp' is opened by 12036@DESKTOP-OCIQLOI

[2020-10-17 14:33:13 #3 type] 
Type domain.Question is not enhanced.

[2020-10-17 14:33:13 #4 type] 
Type domain.Event is not enhanced.

[2020-10-17 14:33:13 #5 type] 
Type domain.Kuota is not enhanced.

[2020-10-17 14:33:13 #6 type] 
Type domain.Apustua is not enhanced.

[2020-10-17 14:33:13 #7 type] 
Type domain.Pertsona is not enhanced.

[2020-10-17 14:33:13 #8 type] 
Type domain.PertsonaErregistratua is not enhanced.

------------------------------------------------------------------------------------------------------------------------

[2020-10-17 14:34:29 #1 store] 
Database 'C:\Users\Garazi\Desktop\Informatika\SI2\Proiektua\Bets2021\src\main\resources\bets.temp' has been recovered (tr. 516-525)

[2020-10-17 14:34:29 #2 store] 
Database 'C:\Users\Garazi\Desktop\Informatika\SI2\Proiektua\Bets2021\src\main\resources\bets.temp' is opened by 5904@DESKTOP-OCIQLOI

[2020-10-17 14:34:29 #3 type] 
Type domain.Question is not enhanced.

[2020-10-17 14:34:29 #4 type] 
Type domain.Event is not enhanced.

[2020-10-17 14:34:29 #5 type] 
Type domain.Kuota is not enhanced.

[2020-10-17 14:34:29 #6 type] 
Type domain.Apustua is not enhanced.

[2020-10-17 14:34:29 #7 type] 
Type domain.Pertsona is not enhanced.

[2020-10-17 14:34:29 #8 type] 
Type domain.PertsonaErregistratua is not enhanced.

------------------------------------------------------------------------------------------------------------------------

[2020-10-17 17:22:58 #1 store] 
Database 'C:\Users\Garazi\Desktop\Informatika\SI2\Proiektua\Bets2021\src\main\resources\bets.temp' has been recovered (tr. 526-537)

[2020-10-17 17:22:58 #2 store] 
Database 'C:\Users\Garazi\Desktop\Informatika\SI2\Proiektua\Bets2021\src\main\resources\bets.temp' is opened by 12412@DESKTOP-OCIQLOI

[2020-10-17 17:22:58 #3 type] 
Type domain.Question is not enhanced.

[2020-10-17 17:22:58 #4 type] 
Type domain.Event is not enhanced.

[2020-10-17 17:22:58 #5 type] 
Type domain.Kuota is not enhanced.

[2020-10-17 17:22:58 #6 type] 
Type domain.Apustua is not enhanced.

[2020-10-17 17:22:58 #7 type] 
Type domain.Pertsona is not enhanced.

[2020-10-17 17:22:58 #8 type] 
Type domain.PertsonaErregistratua is not enhanced.

------------------------------------------------------------------------------------------------------------------------

[2020-10-17 17:23:27 #1 store] 
Database 'C:\Users\Garazi\Desktop\Informatika\SI2\Proiektua\Bets2021\src\main\resources\bets.temp' has been recovered (tr. 538-549)

[2020-10-17 17:23:27 #2 store] 
Database 'C:\Users\Garazi\Desktop\Informatika\SI2\Proiektua\Bets2021\src\main\resources\bets.temp' is opened by 10372@DESKTOP-OCIQLOI

[2020-10-17 17:23:27 #3 type] 
Type domain.Question is not enhanced.

[2020-10-17 17:23:27 #4 type] 
Type domain.Event is not enhanced.

[2020-10-17 17:23:27 #5 type] 
Type domain.Kuota is not enhanced.

[2020-10-17 17:23:27 #6 type] 
Type domain.Apustua is not enhanced.

[2020-10-17 17:23:27 #7 type] 
Type domain.Pertsona is not enhanced.

[2020-10-17 17:23:27 #8 type] 
Type domain.PertsonaErregistratua is not enhanced.

------------------------------------------------------------------------------------------------------------------------

[2020-10-17 17:23:54 #1 store] 
Database 'C:\Users\Garazi\Desktop\Informatika\SI2\Proiektua\Bets2021\src\main\resources\bets.temp' has been recovered (tr. 550-561)

[2020-10-17 17:23:54 #2 store] 
Database 'C:\Users\Garazi\Desktop\Informatika\SI2\Proiektua\Bets2021\src\main\resources\bets.temp' is opened by 16760@DESKTOP-OCIQLOI

[2020-10-17 17:23:54 #3 type] 
Type domain.Question is not enhanced.

[2020-10-17 17:23:54 #4 type] 
Type domain.Event is not enhanced.

[2020-10-17 17:23:54 #5 type] 
Type domain.Kuota is not enhanced.

[2020-10-17 17:23:54 #6 type] 
Type domain.Apustua is not enhanced.

[2020-10-17 17:23:54 #7 type] 
Type domain.Pertsona is not enhanced.

[2020-10-17 17:23:54 #8 type] 
Type domain.PertsonaErregistratua is not enhanced.

------------------------------------------------------------------------------------------------------------------------

[2020-10-17 17:35:06 #1 store] 
Database 'C:\Users\Garazi\Desktop\Informatika\SI2\Proiektua\Bets2021\src\main\resources\bets.temp' has been recovered (tr. 562-573)

[2020-10-17 17:35:06 #2 store] 
Database 'C:\Users\Garazi\Desktop\Informatika\SI2\Proiektua\Bets2021\src\main\resources\bets.temp' is opened by 8652@DESKTOP-OCIQLOI

[2020-10-17 17:35:06 #3 type] 
Type domain.Question is not enhanced.

[2020-10-17 17:35:06 #4 type] 
Type domain.Event is not enhanced.

[2020-10-17 17:35:06 #5 type] 
Type domain.Kuota is not enhanced.

[2020-10-17 17:35:06 #6 type] 
Type domain.Apustua is not enhanced.

[2020-10-17 17:35:06 #7 type] 
Type domain.Pertsona is not enhanced.

[2020-10-17 17:35:06 #8 type] 
Type domain.PertsonaErregistratua is not enhanced.

------------------------------------------------------------------------------------------------------------------------

[2020-10-17 17:50:06 #1 store] 
Database 'C:\Users\Garazi\Desktop\Informatika\SI2\Proiektua\Bets2021\src\main\resources\bets.temp' has been recovered (tr. 574-583)

[2020-10-17 17:50:06 #2 store] 
Database 'C:\Users\Garazi\Desktop\Informatika\SI2\Proiektua\Bets2021\src\main\resources\bets.temp' is opened by 6808@DESKTOP-OCIQLOI

[2020-10-17 17:50:06 #3 type] 
Type domain.Question is not enhanced.

[2020-10-17 17:50:06 #4 type] 
Type domain.Event is not enhanced.

[2020-10-17 17:50:06 #5 type] 
Type domain.Kuota is not enhanced.

[2020-10-17 17:50:06 #6 type] 
Type domain.Apustua is not enhanced.

[2020-10-17 17:50:06 #7 type] 
Type domain.Pertsona is not enhanced.

[2020-10-17 17:50:06 #8 type] 
Type domain.PertsonaErregistratua is not enhanced.

------------------------------------------------------------------------------------------------------------------------

[2020-10-17 18:22:12 #1 store] 
Database 'C:\Users\Garazi\Desktop\Informatika\SI2\Proiektua\Bets2021\src\main\resources\bets.temp' has been recovered (tr. 584-593)

[2020-10-17 18:22:12 #2 store] 
Database 'C:\Users\Garazi\Desktop\Informatika\SI2\Proiektua\Bets2021\src\main\resources\bets.temp' is opened by 5316@DESKTOP-OCIQLOI

[2020-10-17 18:22:12 #3 type] 
Type domain.Question is not enhanced.

[2020-10-17 18:22:12 #4 type] 
Type domain.Event is not enhanced.

[2020-10-17 18:22:12 #5 type] 
Type domain.Kuota is not enhanced.

[2020-10-17 18:22:12 #6 type] 
Type domain.Apustua is not enhanced.

[2020-10-17 18:22:12 #7 type] 
Type domain.Pertsona is not enhanced.

[2020-10-17 18:22:12 #8 type] 
Type domain.PertsonaErregistratua is not enhanced.

------------------------------------------------------------------------------------------------------------------------

[2020-10-17 19:16:09 #1 store] 
Database 'C:\Users\Garazi\Desktop\Informatika\SI2\Proiektua\Bets2021\src\main\resources\bets.temp' has been recovered (tr. 620-637)

[2020-10-17 19:16:10 #2 store] 
Database 'C:\Users\Garazi\Desktop\Informatika\SI2\Proiektua\Bets2021\src\main\resources\bets.temp' is opened by 17256@DESKTOP-OCIQLOI

[2020-10-17 19:16:10 #3 type] 
Type domain.Question is not enhanced.

[2020-10-17 19:16:10 #4 type] 
Type domain.Event is not enhanced.

[2020-10-17 19:16:10 #5 type] 
Type domain.Kuota is not enhanced.

[2020-10-17 19:16:10 #6 type] 
Type domain.Apustua is not enhanced.

[2020-10-17 19:16:10 #7 type] 
Type domain.Pertsona is not enhanced.

[2020-10-17 19:16:10 #8 type] 
Type domain.PertsonaErregistratua is not enhanced.

------------------------------------------------------------------------------------------------------------------------

[2020-10-17 19:18:43 #1 store] 
Database 'C:\Users\Garazi\Desktop\Informatika\SI2\Proiektua\Bets2021\src\main\resources\bets.temp' is opened by 17280@DESKTOP-OCIQLOI

[2020-10-17 19:18:43 #2 type] 
Type domain.Question is not enhanced.

[2020-10-17 19:18:43 #3 type] 
Type domain.Event is not enhanced.

[2020-10-17 19:18:43 #4 type] 
Type domain.Kuota is not enhanced.

[2020-10-17 19:18:43 #5 type] 
Type domain.Apustua is not enhanced.

[2020-10-17 19:18:43 #6 type] 
Type domain.Pertsona is not enhanced.

[2020-10-17 19:18:43 #7 type] 
Type domain.PertsonaErregistratua is not enhanced.

------------------------------------------------------------------------------------------------------------------------

[2020-10-17 19:19:25 #1 store] 
Database 'C:\Users\Garazi\Desktop\Informatika\SI2\Proiektua\Bets2021\src\main\resources\bets.temp' has been recovered (tr. 644-649)

[2020-10-17 19:19:25 #2 store] 
Database 'C:\Users\Garazi\Desktop\Informatika\SI2\Proiektua\Bets2021\src\main\resources\bets.temp' is opened by 7336@DESKTOP-OCIQLOI

[2020-10-17 19:19:25 #3 type] 
Type domain.Question is not enhanced.

[2020-10-17 19:19:25 #4 type] 
Type domain.Event is not enhanced.

[2020-10-17 19:19:25 #5 type] 
Type domain.Kuota is not enhanced.

[2020-10-17 19:19:25 #6 type] 
Type domain.Apustua is not enhanced.

[2020-10-17 19:19:25 #7 type] 
Type domain.Pertsona is not enhanced.

[2020-10-17 19:19:25 #8 type] 
Type domain.PertsonaErregistratua is not enhanced.

------------------------------------------------------------------------------------------------------------------------

[2020-10-17 19:21:14 #1 store] 
Database 'C:\Users\Garazi\Desktop\Informatika\SI2\Proiektua\Bets2021\src\main\resources\bets.temp' is opened by 1552@DESKTOP-OCIQLOI

[2020-10-17 19:21:15 #2 type] 
Type domain.Question is not enhanced.

[2020-10-17 19:21:15 #3 type] 
Type domain.Event is not enhanced.

[2020-10-17 19:21:15 #4 type] 
Type domain.Kuota is not enhanced.

[2020-10-17 19:21:15 #5 type] 
Type domain.Apustua is not enhanced.

[2020-10-17 19:21:15 #6 type] 
Type domain.Pertsona is not enhanced.

[2020-10-17 19:21:15 #7 type] 
Type domain.PertsonaErregistratua is not enhanced.

------------------------------------------------------------------------------------------------------------------------

[2020-10-17 19:24:47 #1 store] 
Database 'C:\Users\Garazi\Desktop\Informatika\SI2\Proiektua\Bets2021\src\main\resources\bets.temp' has been recovered (tr. 658-663)

[2020-10-17 19:24:47 #2 store] 
Database 'C:\Users\Garazi\Desktop\Informatika\SI2\Proiektua\Bets2021\src\main\resources\bets.temp' is opened by 5308@DESKTOP-OCIQLOI

[2020-10-17 19:24:47 #3 type] 
Type domain.Question is not enhanced.

[2020-10-17 19:24:47 #4 type] 
Type domain.Event is not enhanced.

[2020-10-17 19:24:47 #5 type] 
Type domain.Kuota is not enhanced.

[2020-10-17 19:24:47 #6 type] 
Type domain.Apustua is not enhanced.

[2020-10-17 19:24:47 #7 type] 
Type domain.Pertsona is not enhanced.

[2020-10-17 19:24:47 #8 type] 
Type domain.PertsonaErregistratua is not enhanced.

------------------------------------------------------------------------------------------------------------------------

[2020-10-17 19:27:59 #1 store] 
Database 'C:\Users\Garazi\Desktop\Informatika\SI2\Proiektua\Bets2021\src\main\resources\bets.temp' has been recovered (tr. 670-687)

[2020-10-17 19:27:59 #2 store] 
Database 'C:\Users\Garazi\Desktop\Informatika\SI2\Proiektua\Bets2021\src\main\resources\bets.temp' is opened by 1392@DESKTOP-OCIQLOI

[2020-10-17 19:27:59 #3 type] 
Type domain.Question is not enhanced.

[2020-10-17 19:27:59 #4 type] 
Type domain.Event is not enhanced.

[2020-10-17 19:27:59 #5 type] 
Type domain.Kuota is not enhanced.

[2020-10-17 19:27:59 #6 type] 
Type domain.Apustua is not enhanced.

[2020-10-17 19:27:59 #7 type] 
Type domain.Pertsona is not enhanced.

[2020-10-17 19:27:59 #8 type] 
Type domain.PertsonaErregistratua is not enhanced.

------------------------------------------------------------------------------------------------------------------------

[2020-10-17 19:28:39 #1 store] 
Database 'C:\Users\Garazi\Desktop\Informatika\SI2\Proiektua\Bets2021\src\main\resources\bets.temp' has been recovered (tr. 688-693)

[2020-10-17 19:28:39 #2 store] 
Database 'C:\Users\Garazi\Desktop\Informatika\SI2\Proiektua\Bets2021\src\main\resources\bets.temp' is opened by 12428@DESKTOP-OCIQLOI

[2020-10-17 19:28:40 #3 type] 
Type domain.Question is not enhanced.

[2020-10-17 19:28:40 #4 type] 
Type domain.Event is not enhanced.

[2020-10-17 19:28:40 #5 type] 
Type domain.Kuota is not enhanced.

[2020-10-17 19:28:40 #6 type] 
Type domain.Apustua is not enhanced.

[2020-10-17 19:28:40 #7 type] 
Type domain.Pertsona is not enhanced.

[2020-10-17 19:28:40 #8 type] 
Type domain.PertsonaErregistratua is not enhanced.

------------------------------------------------------------------------------------------------------------------------

[2020-10-17 19:29:20 #1 store] 
Database 'C:\Users\Garazi\Desktop\Informatika\SI2\Proiektua\Bets2021\src\main\resources\bets.temp' has been recovered (tr. 694-699)

[2020-10-17 19:29:20 #2 store] 
Database 'C:\Users\Garazi\Desktop\Informatika\SI2\Proiektua\Bets2021\src\main\resources\bets.temp' is opened by 6832@DESKTOP-OCIQLOI

[2020-10-17 19:29:20 #3 type] 
Type domain.Question is not enhanced.

[2020-10-17 19:29:20 #4 type] 
Type domain.Event is not enhanced.

[2020-10-17 19:29:20 #5 type] 
Type domain.Kuota is not enhanced.

[2020-10-17 19:29:20 #6 type] 
Type domain.Apustua is not enhanced.

[2020-10-17 19:29:20 #7 type] 
Type domain.Pertsona is not enhanced.

[2020-10-17 19:29:20 #8 type] 
Type domain.PertsonaErregistratua is not enhanced.

------------------------------------------------------------------------------------------------------------------------

[2020-10-17 19:30:08 #1 store] 
Database 'C:\Users\Garazi\Desktop\Informatika\SI2\Proiektua\Bets2021\src\main\resources\bets.temp' has been recovered (tr. 700-705)

[2020-10-17 19:30:08 #2 store] 
Database 'C:\Users\Garazi\Desktop\Informatika\SI2\Proiektua\Bets2021\src\main\resources\bets.temp' is opened by 8328@DESKTOP-OCIQLOI

[2020-10-17 19:30:08 #3 type] 
Type domain.Question is not enhanced.

[2020-10-17 19:30:08 #4 type] 
Type domain.Event is not enhanced.

[2020-10-17 19:30:08 #5 type] 
Type domain.Kuota is not enhanced.

[2020-10-17 19:30:08 #6 type] 
Type domain.Apustua is not enhanced.

[2020-10-17 19:30:08 #7 type] 
Type domain.Pertsona is not enhanced.

[2020-10-17 19:30:08 #8 type] 
Type domain.PertsonaErregistratua is not enhanced.

------------------------------------------------------------------------------------------------------------------------

[2020-10-17 19:30:15 #1 store] 
Database 'C:\Users\Garazi\Desktop\Informatika\SI2\Proiektua\Bets2021\src\main\resources\bets.temp' has been recovered (tr. 706-711)

[2020-10-17 19:30:15 #2 store] 
Database 'C:\Users\Garazi\Desktop\Informatika\SI2\Proiektua\Bets2021\src\main\resources\bets.temp' is opened by 8936@DESKTOP-OCIQLOI

[2020-10-17 19:30:15 #3 type] 
Type domain.Question is not enhanced.

[2020-10-17 19:30:15 #4 type] 
Type domain.Event is not enhanced.

[2020-10-17 19:30:15 #5 type] 
Type domain.Kuota is not enhanced.

[2020-10-17 19:30:15 #6 type] 
Type domain.Apustua is not enhanced.

[2020-10-17 19:30:15 #7 type] 
Type domain.Pertsona is not enhanced.

[2020-10-17 19:30:15 #8 type] 
Type domain.PertsonaErregistratua is not enhanced.

------------------------------------------------------------------------------------------------------------------------

[2020-10-17 19:30:24 #1 store] 
Database 'C:\Users\Garazi\Desktop\Informatika\SI2\Proiektua\Bets2021\src\main\resources\bets.temp' has been recovered (tr. 712-717)

[2020-10-17 19:30:24 #2 store] 
Database 'C:\Users\Garazi\Desktop\Informatika\SI2\Proiektua\Bets2021\src\main\resources\bets.temp' is opened by 2444@DESKTOP-OCIQLOI

[2020-10-17 19:30:24 #3 type] 
Type domain.Question is not enhanced.

[2020-10-17 19:30:24 #4 type] 
Type domain.Event is not enhanced.

[2020-10-17 19:30:24 #5 type] 
Type domain.Kuota is not enhanced.

[2020-10-17 19:30:24 #6 type] 
Type domain.Apustua is not enhanced.

[2020-10-17 19:30:24 #7 type] 
Type domain.Pertsona is not enhanced.

[2020-10-17 19:30:24 #8 type] 
Type domain.PertsonaErregistratua is not enhanced.

------------------------------------------------------------------------------------------------------------------------

[2020-10-17 19:31:36 #1 store] 
Database 'C:\Users\Garazi\Desktop\Informatika\SI2\Proiektua\Bets2021\src\main\resources\bets.temp' has been recovered (tr. 718-719)

[2020-10-17 19:31:37 #2 store] 
Database 'C:\Users\Garazi\Desktop\Informatika\SI2\Proiektua\Bets2021\src\main\resources\bets.temp' is opened by 17348@DESKTOP-OCIQLOI

[2020-10-17 19:31:37 #3 type] 
Type domain.Question is not enhanced.

[2020-10-17 19:31:37 #4 type] 
Type domain.Event is not enhanced.

[2020-10-17 19:31:37 #5 type] 
Type domain.Kuota is not enhanced.

[2020-10-17 19:31:37 #6 type] 
Type domain.Apustua is not enhanced.

[2020-10-17 19:31:37 #7 type] 
Type domain.Pertsona is not enhanced.

[2020-10-17 19:31:37 #8 type] 
Type domain.PertsonaErregistratua is not enhanced.

------------------------------------------------------------------------------------------------------------------------

[2020-10-17 19:33:42 #1 store] 
Database 'C:\Users\Garazi\Desktop\Informatika\SI2\Proiektua\Bets2021\src\main\resources\bets.temp' has been recovered (tr. 720-721)

[2020-10-17 19:33:42 #2 store] 
Database 'C:\Users\Garazi\Desktop\Informatika\SI2\Proiektua\Bets2021\src\main\resources\bets.temp' is opened by 12632@DESKTOP-OCIQLOI

[2020-10-17 19:33:42 #3 type] 
Type domain.Question is not enhanced.

[2020-10-17 19:33:42 #4 type] 
Type domain.Event is not enhanced.

[2020-10-17 19:33:42 #5 type] 
Type domain.Kuota is not enhanced.

[2020-10-17 19:33:42 #6 type] 
Type domain.Apustua is not enhanced.

[2020-10-17 19:33:42 #7 type] 
Type domain.Pertsona is not enhanced.

[2020-10-17 19:33:42 #8 type] 
Type domain.PertsonaErregistratua is not enhanced.

------------------------------------------------------------------------------------------------------------------------

[2020-10-17 19:34:45 #1 store] 
Database 'C:\Users\Garazi\Desktop\Informatika\SI2\Proiektua\Bets2021\src\main\resources\bets.temp' has been recovered (tr. 722-727)

[2020-10-17 19:34:45 #2 store] 
Database 'C:\Users\Garazi\Desktop\Informatika\SI2\Proiektua\Bets2021\src\main\resources\bets.temp' is opened by 13872@DESKTOP-OCIQLOI

[2020-10-17 19:34:45 #3 type] 
Type domain.Question is not enhanced.

[2020-10-17 19:34:45 #4 type] 
Type domain.Event is not enhanced.

[2020-10-17 19:34:45 #5 type] 
Type domain.Kuota is not enhanced.

[2020-10-17 19:34:45 #6 type] 
Type domain.Apustua is not enhanced.

[2020-10-17 19:34:45 #7 type] 
Type domain.Pertsona is not enhanced.

[2020-10-17 19:34:45 #8 type] 
Type domain.PertsonaErregistratua is not enhanced.

------------------------------------------------------------------------------------------------------------------------

[2020-10-17 19:40:44 #1 store] 
Database 'C:\Users\Garazi\Desktop\Informatika\SI2\Proiektua\Bets2021\src\main\resources\bets.temp' has been recovered (tr. 728-728)

[2020-10-17 19:40:44 #2 store] 
Database 'C:\Users\Garazi\Desktop\Informatika\SI2\Proiektua\Bets2021\src\main\resources\bets.temp' is opened by 10972@DESKTOP-OCIQLOI

[2020-10-17 19:40:44 #3 type] 
Type domain.Question is not enhanced.

[2020-10-17 19:40:44 #4 type] 
Type domain.Event is not enhanced.

[2020-10-17 19:40:44 #5 type] 
Type domain.Kuota is not enhanced.

[2020-10-17 19:40:44 #6 type] 
Type domain.Apustua is not enhanced.

[2020-10-17 19:40:44 #7 type] 
Type domain.Pertsona is not enhanced.

[2020-10-17 19:40:44 #8 type] 
Type domain.PertsonaErregistratua is not enhanced.

------------------------------------------------------------------------------------------------------------------------

[2020-10-17 19:43:54 #1 store] 
Database 'C:\Users\Garazi\Desktop\Informatika\SI2\Proiektua\Bets2021\src\main\resources\bets.temp' is opened by 1376@DESKTOP-OCIQLOI

[2020-10-17 19:43:54 #2 type] 
Type domain.Question is not enhanced.

[2020-10-17 19:43:54 #3 type] 
Type domain.Event is not enhanced.

[2020-10-17 19:43:54 #4 type] 
Type domain.Kuota is not enhanced.

[2020-10-17 19:43:54 #5 type] 
Type domain.Apustua is not enhanced.

[2020-10-17 19:43:54 #6 type] 
Type domain.Pertsona is not enhanced.

[2020-10-17 19:43:54 #7 type] 
Type domain.PertsonaErregistratua is not enhanced.

------------------------------------------------------------------------------------------------------------------------

[2020-10-17 19:44:55 #1 store] 
Database 'C:\Users\Garazi\Desktop\Informatika\SI2\Proiektua\Bets2021\src\main\resources\bets.temp' has been recovered (tr. 734-739)

[2020-10-17 19:44:55 #2 store] 
Database 'C:\Users\Garazi\Desktop\Informatika\SI2\Proiektua\Bets2021\src\main\resources\bets.temp' is opened by 10892@DESKTOP-OCIQLOI

[2020-10-17 19:44:56 #3 type] 
Type domain.Question is not enhanced.

[2020-10-17 19:44:56 #4 type] 
Type domain.Event is not enhanced.

[2020-10-17 19:44:56 #5 type] 
Type domain.Kuota is not enhanced.

[2020-10-17 19:44:56 #6 type] 
Type domain.Apustua is not enhanced.

[2020-10-17 19:44:56 #7 type] 
Type domain.Pertsona is not enhanced.

[2020-10-17 19:44:56 #8 type] 
Type domain.PertsonaErregistratua is not enhanced.

------------------------------------------------------------------------------------------------------------------------

[2020-10-17 19:46:28 #1 store] 
Database 'C:\Users\Garazi\Desktop\Informatika\SI2\Proiektua\Bets2021\src\main\resources\bets.temp' is opened by 2724@DESKTOP-OCIQLOI

[2020-10-17 19:46:29 #2 type] 
Type domain.Question is not enhanced.

[2020-10-17 19:46:29 #3 type] 
Type domain.Event is not enhanced.

[2020-10-17 19:46:29 #4 type] 
Type domain.Kuota is not enhanced.

[2020-10-17 19:46:29 #5 type] 
Type domain.Apustua is not enhanced.

[2020-10-17 19:46:29 #6 type] 
Type domain.Pertsona is not enhanced.

[2020-10-17 19:46:29 #7 type] 
Type domain.PertsonaErregistratua is not enhanced.

------------------------------------------------------------------------------------------------------------------------

[2020-10-17 19:46:47 #1 store] 
Database 'C:\Users\Garazi\Desktop\Informatika\SI2\Proiektua\Bets2021\src\main\resources\bets.temp' has been recovered (tr. 746-751)

[2020-10-17 19:46:47 #2 store] 
Database 'C:\Users\Garazi\Desktop\Informatika\SI2\Proiektua\Bets2021\src\main\resources\bets.temp' is opened by 6184@DESKTOP-OCIQLOI

[2020-10-17 19:46:47 #3 type] 
Type domain.Question is not enhanced.

[2020-10-17 19:46:47 #4 type] 
Type domain.Event is not enhanced.

[2020-10-17 19:46:47 #5 type] 
Type domain.Kuota is not enhanced.

[2020-10-17 19:46:47 #6 type] 
Type domain.Apustua is not enhanced.

[2020-10-17 19:46:47 #7 type] 
Type domain.Pertsona is not enhanced.

[2020-10-17 19:46:47 #8 type] 
Type domain.PertsonaErregistratua is not enhanced.

------------------------------------------------------------------------------------------------------------------------

[2020-10-17 19:52:22 #1 store] 
Database 'C:\Users\Garazi\Desktop\Informatika\SI2\Proiektua\Bets2021\src\main\resources\bets.temp' has been recovered (tr. 752-752)

[2020-10-17 19:52:22 #2 store] 
Database 'C:\Users\Garazi\Desktop\Informatika\SI2\Proiektua\Bets2021\src\main\resources\bets.temp' is opened by 1416@DESKTOP-OCIQLOI

[2020-10-17 19:52:22 #3 type] 
Type domain.Question is not enhanced.

[2020-10-17 19:52:22 #4 type] 
Type domain.Event is not enhanced.

[2020-10-17 19:52:22 #5 type] 
Type domain.Kuota is not enhanced.

[2020-10-17 19:52:22 #6 type] 
Type domain.Apustua is not enhanced.

[2020-10-17 19:52:22 #7 type] 
Type domain.Pertsona is not enhanced.

[2020-10-17 19:52:22 #8 type] 
Type domain.PertsonaErregistratua is not enhanced.

------------------------------------------------------------------------------------------------------------------------

[2020-10-17 19:52:40 #1 store] 
Database 'C:\Users\Garazi\Desktop\Informatika\SI2\Proiektua\Bets2021\src\main\resources\bets.temp' has been recovered (tr. 753-757)

[2020-10-17 19:52:41 #2 store] 
Database 'C:\Users\Garazi\Desktop\Informatika\SI2\Proiektua\Bets2021\src\main\resources\bets.temp' is opened by 7708@DESKTOP-OCIQLOI

[2020-10-17 19:52:41 #3 type] 
Type domain.Question is not enhanced.

[2020-10-17 19:52:41 #4 type] 
Type domain.Event is not enhanced.

[2020-10-17 19:52:41 #5 type] 
Type domain.Kuota is not enhanced.

[2020-10-17 19:52:41 #6 type] 
Type domain.Apustua is not enhanced.

[2020-10-17 19:52:41 #7 type] 
Type domain.Pertsona is not enhanced.

[2020-10-17 19:52:41 #8 type] 
Type domain.PertsonaErregistratua is not enhanced.

------------------------------------------------------------------------------------------------------------------------

[2020-10-17 19:53:31 #1 store] 
Database 'C:\Users\Garazi\Desktop\Informatika\SI2\Proiektua\Bets2021\src\main\resources\bets.temp' has been recovered (tr. 758-758)

[2020-10-17 19:53:31 #2 store] 
Database 'C:\Users\Garazi\Desktop\Informatika\SI2\Proiektua\Bets2021\src\main\resources\bets.temp' is opened by 1248@DESKTOP-OCIQLOI

[2020-10-17 19:53:31 #3 type] 
Type domain.Question is not enhanced.

[2020-10-17 19:53:31 #4 type] 
Type domain.Event is not enhanced.

[2020-10-17 19:53:31 #5 type] 
Type domain.Kuota is not enhanced.

[2020-10-17 19:53:31 #6 type] 
Type domain.Apustua is not enhanced.

[2020-10-17 19:53:31 #7 type] 
Type domain.Pertsona is not enhanced.

[2020-10-17 19:53:31 #8 type] 
Type domain.PertsonaErregistratua is not enhanced.

------------------------------------------------------------------------------------------------------------------------

[2020-10-17 19:53:47 #1 store] 
Database 'C:\Users\Garazi\Desktop\Informatika\SI2\Proiektua\Bets2021\src\main\resources\bets.temp' has been recovered (tr. 759-763)

[2020-10-17 19:53:47 #2 store] 
Database 'C:\Users\Garazi\Desktop\Informatika\SI2\Proiektua\Bets2021\src\main\resources\bets.temp' is opened by 7304@DESKTOP-OCIQLOI

[2020-10-17 19:53:47 #3 type] 
Type domain.Question is not enhanced.

[2020-10-17 19:53:47 #4 type] 
Type domain.Event is not enhanced.

[2020-10-17 19:53:47 #5 type] 
Type domain.Kuota is not enhanced.

[2020-10-17 19:53:47 #6 type] 
Type domain.Apustua is not enhanced.

[2020-10-17 19:53:47 #7 type] 
Type domain.Pertsona is not enhanced.

[2020-10-17 19:53:47 #8 type] 
Type domain.PertsonaErregistratua is not enhanced.

------------------------------------------------------------------------------------------------------------------------

[2020-10-17 19:55:57 #1 store] 
Database 'C:\Users\Garazi\Desktop\Informatika\SI2\Proiektua\Bets2021\src\main\resources\bets.temp' is opened by 12128@DESKTOP-OCIQLOI

[2020-10-17 19:55:57 #2 type] 
Type domain.Question is not enhanced.

[2020-10-17 19:55:57 #3 type] 
Type domain.Event is not enhanced.

[2020-10-17 19:55:57 #4 type] 
Type domain.Kuota is not enhanced.

[2020-10-17 19:55:57 #5 type] 
Type domain.Apustua is not enhanced.

[2020-10-17 19:55:57 #6 type] 
Type domain.Pertsona is not enhanced.

[2020-10-17 19:55:57 #7 type] 
Type domain.PertsonaErregistratua is not enhanced.

------------------------------------------------------------------------------------------------------------------------

[2020-10-17 19:56:58 #1 store] 
Database 'C:\Users\Garazi\Desktop\Informatika\SI2\Proiektua\Bets2021\src\main\resources\bets.temp' is opened by 8112@DESKTOP-OCIQLOI

[2020-10-17 19:56:58 #2 type] 
Type domain.Question is not enhanced.

[2020-10-17 19:56:58 #3 type] 
Type domain.Event is not enhanced.

[2020-10-17 19:56:58 #4 type] 
Type domain.Kuota is not enhanced.

[2020-10-17 19:56:58 #5 type] 
Type domain.Apustua is not enhanced.

[2020-10-17 19:56:58 #6 type] 
Type domain.Pertsona is not enhanced.

[2020-10-17 19:56:58 #7 type] 
Type domain.PertsonaErregistratua is not enhanced.

------------------------------------------------------------------------------------------------------------------------

[2020-10-17 20:10:52 #1 store] 
Database 'C:\Users\Garazi\Desktop\Informatika\SI2\Proiektua\Bets2021\src\main\resources\bets.temp' has been recovered (tr. 776-793)

[2020-10-17 20:10:52 #2 store] 
Database 'C:\Users\Garazi\Desktop\Informatika\SI2\Proiektua\Bets2021\src\main\resources\bets.temp' is opened by 9468@DESKTOP-OCIQLOI

[2020-10-17 20:10:53 #3 type] 
Type domain.Question is not enhanced.

[2020-10-17 20:10:53 #4 type] 
Type domain.Event is not enhanced.

[2020-10-17 20:10:53 #5 type] 
Type domain.Kuota is not enhanced.

[2020-10-17 20:10:53 #6 type] 
Type domain.Apustua is not enhanced.

[2020-10-17 20:10:53 #7 type] 
Type domain.Pertsona is not enhanced.

[2020-10-17 20:10:53 #8 type] 
Type domain.PertsonaErregistratua is not enhanced.

------------------------------------------------------------------------------------------------------------------------

[2020-10-17 20:12:53 #1 store] 
Database 'C:\Users\Garazi\Desktop\Informatika\SI2\Proiektua\Bets2021\src\main\resources\bets.temp' has been recovered (tr. 794-799)

[2020-10-17 20:12:53 #2 store] 
Database 'C:\Users\Garazi\Desktop\Informatika\SI2\Proiektua\Bets2021\src\main\resources\bets.temp' is opened by 4416@DESKTOP-OCIQLOI

[2020-10-17 20:12:53 #3 type] 
Type domain.Question is not enhanced.

[2020-10-17 20:12:53 #4 type] 
Type domain.Event is not enhanced.

[2020-10-17 20:12:53 #5 type] 
Type domain.Kuota is not enhanced.

[2020-10-17 20:12:53 #6 type] 
Type domain.Apustua is not enhanced.

[2020-10-17 20:12:53 #7 type] 
Type domain.Pertsona is not enhanced.

[2020-10-17 20:12:53 #8 type] 
Type domain.PertsonaErregistratua is not enhanced.

------------------------------------------------------------------------------------------------------------------------

[2020-10-17 20:13:55 #1 store] 
Database 'C:\Users\Garazi\Desktop\Informatika\SI2\Proiektua\Bets2021\src\main\resources\bets.temp' is opened by 5312@DESKTOP-OCIQLOI

[2020-10-17 20:13:55 #2 type] 
Type domain.Question is not enhanced.

[2020-10-17 20:13:55 #3 type] 
Type domain.Event is not enhanced.

[2020-10-17 20:13:55 #4 type] 
Type domain.Kuota is not enhanced.

[2020-10-17 20:13:55 #5 type] 
Type domain.Apustua is not enhanced.

[2020-10-17 20:13:55 #6 type] 
Type domain.Pertsona is not enhanced.

[2020-10-17 20:13:55 #7 type] 
Type domain.PertsonaErregistratua is not enhanced.

------------------------------------------------------------------------------------------------------------------------

[2020-10-17 20:15:31 #1 store] 
Database 'C:\Users\Garazi\Desktop\Informatika\SI2\Proiektua\Bets2021\src\main\resources\bets.temp' is opened by 9912@DESKTOP-OCIQLOI

[2020-10-17 20:15:31 #2 type] 
Type domain.Question is not enhanced.

[2020-10-17 20:15:31 #3 type] 
Type domain.Event is not enhanced.

[2020-10-17 20:15:31 #4 type] 
Type domain.Kuota is not enhanced.

[2020-10-17 20:15:31 #5 type] 
Type domain.Apustua is not enhanced.

[2020-10-17 20:15:31 #6 type] 
Type domain.Pertsona is not enhanced.

[2020-10-17 20:15:31 #7 type] 
Type domain.PertsonaErregistratua is not enhanced.

------------------------------------------------------------------------------------------------------------------------

[2020-10-17 20:17:17 #1 store] 
Database 'C:\Users\Garazi\Desktop\Informatika\SI2\Proiektua\Bets2021\src\main\resources\bets.temp' is opened by 2724@DESKTOP-OCIQLOI

[2020-10-17 20:17:17 #2 type] 
Type domain.Question is not enhanced.

[2020-10-17 20:17:17 #3 type] 
Type domain.Event is not enhanced.

[2020-10-17 20:17:17 #4 type] 
Type domain.Kuota is not enhanced.

[2020-10-17 20:17:17 #5 type] 
Type domain.Apustua is not enhanced.

[2020-10-17 20:17:17 #6 type] 
Type domain.Pertsona is not enhanced.

[2020-10-17 20:17:17 #7 type] 
Type domain.PertsonaErregistratua is not enhanced.

------------------------------------------------------------------------------------------------------------------------

[2020-10-17 20:17:59 #1 store] 
Database 'C:\Users\Garazi\Desktop\Informatika\SI2\Proiektua\Bets2021\src\main\resources\bets.temp' is opened by 4724@DESKTOP-OCIQLOI

[2020-10-17 20:18:00 #2 type] 
Type domain.Question is not enhanced.

[2020-10-17 20:18:00 #3 type] 
Type domain.Event is not enhanced.

[2020-10-17 20:18:00 #4 type] 
Type domain.Kuota is not enhanced.

[2020-10-17 20:18:00 #5 type] 
Type domain.Apustua is not enhanced.

[2020-10-17 20:18:00 #6 type] 
Type domain.Pertsona is not enhanced.

[2020-10-17 20:18:00 #7 type] 
Type domain.PertsonaErregistratua is not enhanced.

------------------------------------------------------------------------------------------------------------------------

[2020-10-17 20:20:24 #1 store] 
Database 'C:\Users\Garazi\Desktop\Informatika\SI2\Proiektua\Bets2021\src\main\resources\bets.temp' is opened by 4580@DESKTOP-OCIQLOI

------------------------------------------------------------------------------------------------------------------------

[2020-10-17 20:23:50 #1 store] 
Database 'C:\Users\Garazi\Desktop\Informatika\SI2\Proiektua\Bets2021\src\main\resources\bets.temp' is opened by 4708@DESKTOP-OCIQLOI

[2020-10-17 20:23:50 #2 type] 
Type domain.Question is not enhanced.

[2020-10-17 20:23:50 #3 type] 
Type domain.Event is not enhanced.

[2020-10-17 20:23:50 #4 type] 
Type domain.Pertsona is not enhanced.

[2020-10-17 20:23:50 #5 type] 
Type domain.PertsonaErregistratua is not enhanced.

[2020-10-17 20:23:50 #6 type] 
Type domain.Administratzailea is not enhanced.

[2020-10-17 20:23:50 #7 type] 
Type domain.Kuota is not enhanced.

[2020-10-17 20:23:50 #8 type] 
Type domain.Apustua is not enhanced.

[2020-10-17 20:23:50 #9 type] 
Type domain.DiruMugimendua is not enhanced.

------------------------------------------------------------------------------------------------------------------------

[2020-10-17 20:29:15 #1 store] 
Database 'C:\Users\Garazi\Desktop\Informatika\SI2\Proiektua\Bets2021\src\main\resources\bets.temp' has been recovered (tr. 363-363)

[2020-10-17 20:29:15 #2 store] 
Database 'C:\Users\Garazi\Desktop\Informatika\SI2\Proiektua\Bets2021\src\main\resources\bets.temp' is opened by 14584@DESKTOP-OCIQLOI

[2020-10-17 20:29:15 #3 type] 
Type domain.Question is not enhanced.

[2020-10-17 20:29:15 #4 type] 
Type domain.Event is not enhanced.

[2020-10-17 20:29:15 #5 type] 
Type domain.Pertsona is not enhanced.

[2020-10-17 20:29:15 #6 type] 
Type domain.PertsonaErregistratua is not enhanced.

[2020-10-17 20:29:15 #7 type] 
Type domain.Administratzailea is not enhanced.

[2020-10-17 20:29:15 #8 type] 
Type domain.Kuota is not enhanced.

[2020-10-17 20:29:15 #9 type] 
Type domain.Apustua is not enhanced.

[2020-10-17 20:29:15 #10 type] 
Type domain.DiruMugimendua is not enhanced.

------------------------------------------------------------------------------------------------------------------------

[2020-10-17 20:30:38 #1 store] 
Database 'C:\Users\Garazi\Desktop\Informatika\SI2\Proiektua\Bets2021\src\main\resources\bets.temp' is opened by 2288@DESKTOP-OCIQLOI

[2020-10-17 20:30:38 #2 type] 
Type domain.Question is not enhanced.

[2020-10-17 20:30:38 #3 type] 
Type domain.Event is not enhanced.

[2020-10-17 20:30:38 #4 type] 
Type domain.Pertsona is not enhanced.

[2020-10-17 20:30:38 #5 type] 
Type domain.PertsonaErregistratua is not enhanced.

[2020-10-17 20:30:38 #6 type] 
Type domain.Administratzailea is not enhanced.

[2020-10-17 20:30:38 #7 type] 
Type domain.Kuota is not enhanced.

[2020-10-17 20:30:38 #8 type] 
Type domain.Apustua is not enhanced.

[2020-10-17 20:30:38 #9 type] 
Type domain.DiruMugimendua is not enhanced.

------------------------------------------------------------------------------------------------------------------------

[2020-10-17 20:32:26 #1 store] 
Database 'C:\Users\Garazi\Desktop\Informatika\SI2\Proiektua\Bets2021\src\main\resources\bets.temp' is opened by 5408@DESKTOP-OCIQLOI

[2020-10-17 20:32:26 #2 type] 
Type domain.Question is not enhanced.

[2020-10-17 20:32:26 #3 type] 
Type domain.Event is not enhanced.

[2020-10-17 20:32:26 #4 type] 
Type domain.Pertsona is not enhanced.

[2020-10-17 20:32:26 #5 type] 
Type domain.PertsonaErregistratua is not enhanced.

[2020-10-17 20:32:26 #6 type] 
Type domain.Administratzailea is not enhanced.

[2020-10-17 20:32:26 #7 type] 
Type domain.Kuota is not enhanced.

[2020-10-17 20:32:26 #8 type] 
Type domain.Apustua is not enhanced.

[2020-10-17 20:32:26 #9 type] 
Type domain.DiruMugimendua is not enhanced.

------------------------------------------------------------------------------------------------------------------------

[2020-10-17 20:32:47 #1 store] 
Database 'C:\Users\Garazi\Desktop\Informatika\SI2\Proiektua\Bets2021\src\main\resources\bets.temp' is opened by 15476@DESKTOP-OCIQLOI

[2020-10-17 20:32:47 #2 type] 
Type domain.Question is not enhanced.

[2020-10-17 20:32:47 #3 type] 
Type domain.Event is not enhanced.

[2020-10-17 20:32:47 #4 type] 
Type domain.Pertsona is not enhanced.

[2020-10-17 20:32:47 #5 type] 
Type domain.PertsonaErregistratua is not enhanced.

[2020-10-17 20:32:47 #6 type] 
Type domain.Administratzailea is not enhanced.

[2020-10-17 20:32:47 #7 type] 
Type domain.Kuota is not enhanced.

[2020-10-17 20:32:47 #8 type] 
Type domain.Apustua is not enhanced.

[2020-10-17 20:32:47 #9 type] 
Type domain.DiruMugimendua is not enhanced.

