------------------------------------------------------------------------------------------------------------------------

[2020-10-08 20:26:51 #1 store] 
Database 'C:\Users\Garazi\Desktop\Informatika\SI2\Proiektua\Bets2021\src\main\resources\bets.temp' is opened by 14088@DESKTOP-OCIQLOI

[2020-10-08 20:26:51 #2 type] 
Type domain.Question is not enhanced.

[2020-10-08 20:26:51 #3 type] 
Type domain.Event is not enhanced.

[2020-10-08 20:26:51 #4 type] 
Type domain.Kuota is not enhanced.

[2020-10-08 20:26:51 #5 type] 
Type domain.Apustua is not enhanced.

[2020-10-08 20:26:51 #6 type] 
Type domain.Pertsona is not enhanced.

[2020-10-08 20:26:51 #7 type] 
Type domain.PertsonaErregistratua is not enhanced.

------------------------------------------------------------------------------------------------------------------------

[2020-10-08 20:27:23 #1 store] 
Database 'C:\Users\Garazi\Desktop\Informatika\SI2\Proiektua\Bets2021\src\main\resources\bets.temp' is opened by 6624@DESKTOP-OCIQLOI

[2020-10-08 20:27:23 #2 type] 
Type domain.Question is not enhanced.

[2020-10-08 20:27:23 #3 type] 
Type domain.Event is not enhanced.

[2020-10-08 20:27:23 #4 type] 
Type domain.Kuota is not enhanced.

[2020-10-08 20:27:23 #5 type] 
Type domain.Apustua is not enhanced.

[2020-10-08 20:27:23 #6 type] 
Type domain.Pertsona is not enhanced.

[2020-10-08 20:27:23 #7 type] 
Type domain.PertsonaErregistratua is not enhanced.

------------------------------------------------------------------------------------------------------------------------

[2020-10-08 20:28:44 #1 store] 
Database 'C:\Users\Garazi\Desktop\Informatika\SI2\Proiektua\Bets2021\src\main\resources\bets.temp' is opened by 7508@DESKTOP-OCIQLOI

[2020-10-08 20:28:44 #2 type] 
Type domain.Question is not enhanced.

[2020-10-08 20:28:44 #3 type] 
Type domain.Event is not enhanced.

[2020-10-08 20:28:44 #4 type] 
Type domain.Kuota is not enhanced.

[2020-10-08 20:28:44 #5 type] 
Type domain.Apustua is not enhanced.

[2020-10-08 20:28:44 #6 type] 
Type domain.Pertsona is not enhanced.

[2020-10-08 20:28:44 #7 type] 
Type domain.PertsonaErregistratua is not enhanced.

------------------------------------------------------------------------------------------------------------------------

[2020-10-08 20:30:35 #1 store] 
Database 'C:\Users\Garazi\Desktop\Informatika\SI2\Proiektua\Bets2021\src\main\resources\bets.temp' is opened by 7352@DESKTOP-OCIQLOI

[2020-10-08 20:30:35 #2 type] 
Type domain.Question is not enhanced.

[2020-10-08 20:30:35 #3 type] 
Type domain.Event is not enhanced.

[2020-10-08 20:30:35 #4 type] 
Type domain.Kuota is not enhanced.

[2020-10-08 20:30:35 #5 type] 
Type domain.Apustua is not enhanced.

[2020-10-08 20:30:35 #6 type] 
Type domain.Pertsona is not enhanced.

[2020-10-08 20:30:35 #7 type] 
Type domain.PertsonaErregistratua is not enhanced.

------------------------------------------------------------------------------------------------------------------------

[2020-10-08 20:31:10 #1 store] 
Database 'C:\Users\Garazi\Desktop\Informatika\SI2\Proiektua\Bets2021\src\main\resources\bets.temp' is opened by 12108@DESKTOP-OCIQLOI

[2020-10-08 20:31:10 #2 type] 
Type domain.Question is not enhanced.

[2020-10-08 20:31:10 #3 type] 
Type domain.Event is not enhanced.

[2020-10-08 20:31:10 #4 type] 
Type domain.Kuota is not enhanced.

[2020-10-08 20:31:10 #5 type] 
Type domain.Apustua is not enhanced.

[2020-10-08 20:31:10 #6 type] 
Type domain.Pertsona is not enhanced.

[2020-10-08 20:31:10 #7 type] 
Type domain.PertsonaErregistratua is not enhanced.

