------------------------------------------------------------------------------------------------------------------------

[2020-10-09 09:30:36 #1 store] 
Database 'C:\Users\Garazi\Desktop\Informatika\SI2\Proiektua\Bets2021\src\main\resources\bets.temp' is opened by 8416@DESKTOP-OCIQLOI

[2020-10-09 09:30:36 #2 type] 
Type domain.Question is not enhanced.

[2020-10-09 09:30:36 #3 type] 
Type domain.Event is not enhanced.

[2020-10-09 09:30:36 #4 type] 
Type domain.Kuota is not enhanced.

[2020-10-09 09:30:36 #5 type] 
Type domain.Apustua is not enhanced.

[2020-10-09 09:30:36 #6 type] 
Type domain.Pertsona is not enhanced.

[2020-10-09 09:30:36 #7 type] 
Type domain.PertsonaErregistratua is not enhanced.

------------------------------------------------------------------------------------------------------------------------

[2020-10-09 12:52:25 #1 store] 
Database 'C:\Users\Garazi\Desktop\Informatika\SI2\Proiektua\Bets2021\src\main\resources\bets.temp' is opened by 4204@DESKTOP-OCIQLOI

[2020-10-09 12:52:25 #2 type] 
Type domain.Question is not enhanced.

[2020-10-09 12:52:25 #3 type] 
Type domain.Event is not enhanced.

[2020-10-09 12:52:25 #4 type] 
Type domain.Kuota is not enhanced.

[2020-10-09 12:52:25 #5 type] 
Type domain.Apustua is not enhanced.

[2020-10-09 12:52:25 #6 type] 
Type domain.Pertsona is not enhanced.

[2020-10-09 12:52:25 #7 type] 
Type domain.PertsonaErregistratua is not enhanced.

------------------------------------------------------------------------------------------------------------------------

[2020-10-09 12:52:29 #1 store] 
Database 'C:\Users\Garazi\Desktop\Informatika\SI2\Proiektua\Bets2021\src\main\resources\bets.temp' is opened by 2764@DESKTOP-OCIQLOI

[2020-10-09 12:52:29 #2 type] 
Type domain.Question is not enhanced.

[2020-10-09 12:52:29 #3 type] 
Type domain.Event is not enhanced.

[2020-10-09 12:52:29 #4 type] 
Type domain.Kuota is not enhanced.

[2020-10-09 12:52:29 #5 type] 
Type domain.Apustua is not enhanced.

[2020-10-09 12:52:29 #6 type] 
Type domain.Pertsona is not enhanced.

[2020-10-09 12:52:29 #7 type] 
Type domain.PertsonaErregistratua is not enhanced.

------------------------------------------------------------------------------------------------------------------------

[2020-10-09 12:58:20 #1 store] 
Database 'C:\Users\Garazi\Desktop\Informatika\SI2\Proiektua\Bets2021\src\main\resources\bets.temp' is opened by 14288@DESKTOP-OCIQLOI

[2020-10-09 12:58:21 #2 type] 
Type domain.Question is not enhanced.

[2020-10-09 12:58:21 #3 type] 
Type domain.Event is not enhanced.

[2020-10-09 12:58:21 #4 type] 
Type domain.Kuota is not enhanced.

[2020-10-09 12:58:21 #5 type] 
Type domain.Apustua is not enhanced.

[2020-10-09 12:58:21 #6 type] 
Type domain.Pertsona is not enhanced.

[2020-10-09 12:58:21 #7 type] 
Type domain.PertsonaErregistratua is not enhanced.

------------------------------------------------------------------------------------------------------------------------

[2020-10-09 19:20:11 #1 store] 
Database 'C:\Users\Garazi\Desktop\Informatika\SI2\Proiektua\Bets2021\src\main\resources\bets.temp' is opened by 12744@DESKTOP-OCIQLOI

[2020-10-09 19:20:12 #2 type] 
Type domain.Question is not enhanced.

[2020-10-09 19:20:12 #3 type] 
Type domain.Event is not enhanced.

[2020-10-09 19:20:12 #4 type] 
Type domain.Kuota is not enhanced.

[2020-10-09 19:20:12 #5 type] 
Type domain.Apustua is not enhanced.

[2020-10-09 19:20:12 #6 type] 
Type domain.Pertsona is not enhanced.

[2020-10-09 19:20:12 #7 type] 
Type domain.PertsonaErregistratua is not enhanced.

------------------------------------------------------------------------------------------------------------------------

[2020-10-09 19:21:26 #1 store] 
Database 'C:\Users\Garazi\Desktop\Informatika\SI2\Proiektua\Bets2021\src\main\resources\bets.temp' is opened by 3272@DESKTOP-OCIQLOI

[2020-10-09 19:21:26 #2 type] 
Type domain.Question is not enhanced.

[2020-10-09 19:21:26 #3 type] 
Type domain.Event is not enhanced.

[2020-10-09 19:21:26 #4 type] 
Type domain.Kuota is not enhanced.

[2020-10-09 19:21:26 #5 type] 
Type domain.Apustua is not enhanced.

[2020-10-09 19:21:26 #6 type] 
Type domain.Pertsona is not enhanced.

[2020-10-09 19:21:26 #7 type] 
Type domain.PertsonaErregistratua is not enhanced.

