------------------------------------------------------------------------------------------------------------------------

[2020-11-14 10:59:12 #1 store] 
Database 'C:\Users\Garazi\Desktop\Informatika\SI2\lab6\Bets2021\src\main\resources\bets.temp' is opened by 2596@DESKTOP-OCIQLOI

[2020-11-14 10:59:12 #2 type] 
Type domain.Pertsona is not enhanced.

[2020-11-14 10:59:12 #3 type] 
Type domain.PertsonaErregistratua is not enhanced.

[2020-11-14 10:59:12 #4 type] 
Type domain.Apustua is not enhanced.

[2020-11-14 10:59:12 #5 type] 
Type domain.Kuota is not enhanced.

[2020-11-14 10:59:12 #6 type] 
Type domain.Question is not enhanced.

[2020-11-14 10:59:12 #7 type] 
Type domain.Event is not enhanced.

[2020-11-14 10:59:12 #8 type] 
Type domain.Administratzailea is not enhanced.

------------------------------------------------------------------------------------------------------------------------

[2020-11-14 11:24:47 #1 store] 
Database 'C:\Users\Garazi\Desktop\Informatika\SI2\lab6\Bets2021\src\main\resources\bets.temp' is opened by 5332@DESKTOP-OCIQLOI

[2020-11-14 11:24:47 #2 type] 
Type domain.Pertsona is not enhanced.

[2020-11-14 11:24:47 #3 type] 
Type domain.PertsonaErregistratua is not enhanced.

[2020-11-14 11:24:47 #4 type] 
Type domain.Apustua is not enhanced.

[2020-11-14 11:24:47 #5 type] 
Type domain.Kuota is not enhanced.

[2020-11-14 11:24:47 #6 type] 
Type domain.Question is not enhanced.

[2020-11-14 11:24:47 #7 type] 
Type domain.Event is not enhanced.

[2020-11-14 11:24:47 #8 type] 
Type domain.Administratzailea is not enhanced.

------------------------------------------------------------------------------------------------------------------------

[2020-11-14 11:47:41 #1 store] 
Database 'C:\Users\Garazi\Desktop\Informatika\SI2\lab6\Bets2021\src\main\resources\bets.temp' is opened by 3400@DESKTOP-OCIQLOI

[2020-11-14 11:47:41 #2 type] 
Type domain.Pertsona is not enhanced.

[2020-11-14 11:47:41 #3 type] 
Type domain.PertsonaErregistratua is not enhanced.

[2020-11-14 11:47:41 #4 type] 
Type domain.Apustua is not enhanced.

[2020-11-14 11:47:41 #5 type] 
Type domain.Kuota is not enhanced.

[2020-11-14 11:47:41 #6 type] 
Type domain.Question is not enhanced.

[2020-11-14 11:47:41 #7 type] 
Type domain.Event is not enhanced.

[2020-11-14 11:47:41 #8 type] 
Type domain.Administratzailea is not enhanced.

------------------------------------------------------------------------------------------------------------------------

[2020-11-14 11:53:11 #1 store] 
Database 'C:\Users\Garazi\Desktop\Informatika\SI2\lab6\Bets2021\src\main\resources\bets.temp' is opened by 8252@DESKTOP-OCIQLOI

[2020-11-14 11:53:11 #2 type] 
Type domain.Pertsona is not enhanced.

[2020-11-14 11:53:11 #3 type] 
Type domain.PertsonaErregistratua is not enhanced.

[2020-11-14 11:53:11 #4 type] 
Type domain.Apustua is not enhanced.

[2020-11-14 11:53:11 #5 type] 
Type domain.Kuota is not enhanced.

[2020-11-14 11:53:11 #6 type] 
Type domain.Question is not enhanced.

[2020-11-14 11:53:11 #7 type] 
Type domain.Event is not enhanced.

[2020-11-14 11:53:11 #8 type] 
Type domain.Administratzailea is not enhanced.

------------------------------------------------------------------------------------------------------------------------

[2020-11-14 11:59:28 #1 store] 
Database 'C:\Users\Garazi\Desktop\Informatika\SI2\lab6\Bets2021\src\main\resources\bets.temp' is opened by 13628@DESKTOP-OCIQLOI

[2020-11-14 11:59:28 #2 type] 
Type domain.Pertsona is not enhanced.

[2020-11-14 11:59:28 #3 type] 
Type domain.PertsonaErregistratua is not enhanced.

[2020-11-14 11:59:28 #4 type] 
Type domain.Apustua is not enhanced.

[2020-11-14 11:59:28 #5 type] 
Type domain.Kuota is not enhanced.

[2020-11-14 11:59:28 #6 type] 
Type domain.Question is not enhanced.

[2020-11-14 11:59:28 #7 type] 
Type domain.Event is not enhanced.

[2020-11-14 11:59:28 #8 type] 
Type domain.Administratzailea is not enhanced.

------------------------------------------------------------------------------------------------------------------------

[2020-11-14 12:18:43 #1 store] 
Database 'C:\Users\Garazi\Desktop\Informatika\SI2\lab6\Bets2021\src\main\resources\bets.temp' is opened by 8832@DESKTOP-OCIQLOI

[2020-11-14 12:18:43 #2 type] 
Type domain.Pertsona is not enhanced.

[2020-11-14 12:18:43 #3 type] 
Type domain.PertsonaErregistratua is not enhanced.

[2020-11-14 12:18:43 #4 type] 
Type domain.Apustua is not enhanced.

[2020-11-14 12:18:43 #5 type] 
Type domain.Kuota is not enhanced.

[2020-11-14 12:18:43 #6 type] 
Type domain.Question is not enhanced.

[2020-11-14 12:18:43 #7 type] 
Type domain.Event is not enhanced.

[2020-11-14 12:18:43 #8 type] 
Type domain.Administratzailea is not enhanced.

------------------------------------------------------------------------------------------------------------------------

[2020-11-14 12:19:28 #1 store] 
Database 'C:\Users\Garazi\Desktop\Informatika\SI2\lab6\Bets2021\src\main\resources\bets.temp' is opened by 9176@DESKTOP-OCIQLOI

[2020-11-14 12:19:28 #2 type] 
Type domain.Pertsona is not enhanced.

[2020-11-14 12:19:28 #3 type] 
Type domain.PertsonaErregistratua is not enhanced.

[2020-11-14 12:19:28 #4 type] 
Type domain.Apustua is not enhanced.

[2020-11-14 12:19:28 #5 type] 
Type domain.Kuota is not enhanced.

[2020-11-14 12:19:28 #6 type] 
Type domain.Question is not enhanced.

[2020-11-14 12:19:28 #7 type] 
Type domain.Event is not enhanced.

[2020-11-14 12:19:28 #8 type] 
Type domain.Administratzailea is not enhanced.

------------------------------------------------------------------------------------------------------------------------

[2020-11-14 12:19:44 #1 store] 
Database 'C:\Users\Garazi\Desktop\Informatika\SI2\lab6\Bets2021\src\main\resources\bets.temp' is opened by 13692@DESKTOP-OCIQLOI

[2020-11-14 12:19:44 #2 type] 
Type domain.Pertsona is not enhanced.

[2020-11-14 12:19:44 #3 type] 
Type domain.PertsonaErregistratua is not enhanced.

[2020-11-14 12:19:44 #4 type] 
Type domain.Apustua is not enhanced.

[2020-11-14 12:19:44 #5 type] 
Type domain.Kuota is not enhanced.

[2020-11-14 12:19:44 #6 type] 
Type domain.Question is not enhanced.

[2020-11-14 12:19:44 #7 type] 
Type domain.Event is not enhanced.

[2020-11-14 12:19:44 #8 type] 
Type domain.Administratzailea is not enhanced.

------------------------------------------------------------------------------------------------------------------------

[2020-11-14 12:26:14 #1 store] 
Database 'C:\Users\Garazi\Desktop\Informatika\SI2\lab6\Bets2021\src\main\resources\bets.temp' is opened by 9100@DESKTOP-OCIQLOI

[2020-11-14 12:26:14 #2 type] 
Type domain.Pertsona is not enhanced.

[2020-11-14 12:26:14 #3 type] 
Type domain.PertsonaErregistratua is not enhanced.

[2020-11-14 12:26:14 #4 type] 
Type domain.Apustua is not enhanced.

[2020-11-14 12:26:14 #5 type] 
Type domain.Kuota is not enhanced.

[2020-11-14 12:26:14 #6 type] 
Type domain.Question is not enhanced.

[2020-11-14 12:26:14 #7 type] 
Type domain.Event is not enhanced.

[2020-11-14 12:26:14 #8 type] 
Type domain.Administratzailea is not enhanced.

------------------------------------------------------------------------------------------------------------------------

[2020-11-14 12:27:36 #1 store] 
Database 'C:\Users\Garazi\Desktop\Informatika\SI2\lab6\Bets2021\src\main\resources\bets.temp' is opened by 9600@DESKTOP-OCIQLOI

[2020-11-14 12:27:36 #2 type] 
Type domain.Pertsona is not enhanced.

[2020-11-14 12:27:36 #3 type] 
Type domain.PertsonaErregistratua is not enhanced.

[2020-11-14 12:27:36 #4 type] 
Type domain.Apustua is not enhanced.

[2020-11-14 12:27:36 #5 type] 
Type domain.Kuota is not enhanced.

[2020-11-14 12:27:36 #6 type] 
Type domain.Question is not enhanced.

[2020-11-14 12:27:36 #7 type] 
Type domain.Event is not enhanced.

[2020-11-14 12:27:36 #8 type] 
Type domain.Administratzailea is not enhanced.

[2020-11-14 12:30:53 #9 type.registry] 
New type domain.DiruMugimendua

[2020-11-14 12:30:53 #10 type] 
Type domain.DiruMugimendua is not enhanced.

------------------------------------------------------------------------------------------------------------------------

[2020-11-14 13:31:06 #1 store] 
Database 'C:\Users\Garazi\Desktop\Informatika\SI2\lab6\Bets2021\src\main\resources\bets.temp' has been recovered (tr. 55-65)

[2020-11-14 13:31:07 #2 store] 
Database 'C:\Users\Garazi\Desktop\Informatika\SI2\lab6\Bets2021\src\main\resources\bets.temp' is opened by 2484@DESKTOP-OCIQLOI

[2020-11-14 13:31:07 #3 type] 
Type domain.Pertsona is not enhanced.

[2020-11-14 13:31:07 #4 type] 
Type domain.PertsonaErregistratua is not enhanced.

[2020-11-14 13:31:07 #5 type] 
Type domain.Apustua is not enhanced.

[2020-11-14 13:31:07 #6 type] 
Type domain.Kuota is not enhanced.

[2020-11-14 13:31:07 #7 type] 
Type domain.Question is not enhanced.

[2020-11-14 13:31:07 #8 type] 
Type domain.Event is not enhanced.

[2020-11-14 13:31:07 #9 type] 
Type domain.Administratzailea is not enhanced.

[2020-11-14 13:31:07 #10 type] 
Type domain.DiruMugimendua is not enhanced.

------------------------------------------------------------------------------------------------------------------------

[2020-11-14 13:34:08 #1 store] 
Database 'C:\Users\Garazi\Desktop\Informatika\SI2\lab6\Bets2021\src\main\resources\bets.temp' is opened by 4272@DESKTOP-OCIQLOI

[2020-11-14 13:34:08 #2 type] 
Type domain.Pertsona is not enhanced.

[2020-11-14 13:34:08 #3 type] 
Type domain.PertsonaErregistratua is not enhanced.

[2020-11-14 13:34:08 #4 type] 
Type domain.Apustua is not enhanced.

[2020-11-14 13:34:08 #5 type] 
Type domain.Kuota is not enhanced.

[2020-11-14 13:34:08 #6 type] 
Type domain.Question is not enhanced.

[2020-11-14 13:34:08 #7 type] 
Type domain.Event is not enhanced.

[2020-11-14 13:34:08 #8 type] 
Type domain.Administratzailea is not enhanced.

[2020-11-14 13:34:08 #9 type] 
Type domain.DiruMugimendua is not enhanced.

------------------------------------------------------------------------------------------------------------------------

[2020-11-14 13:35:52 #1 store] 
Database 'C:\Users\Garazi\Desktop\Informatika\SI2\lab6\Bets2021\src\main\resources\bets.temp' is opened by 7616@DESKTOP-OCIQLOI

[2020-11-14 13:35:52 #2 type] 
Type domain.Pertsona is not enhanced.

[2020-11-14 13:35:52 #3 type] 
Type domain.PertsonaErregistratua is not enhanced.

[2020-11-14 13:35:52 #4 type] 
Type domain.Apustua is not enhanced.

[2020-11-14 13:35:52 #5 type] 
Type domain.Kuota is not enhanced.

[2020-11-14 13:35:52 #6 type] 
Type domain.Question is not enhanced.

[2020-11-14 13:35:52 #7 type] 
Type domain.Event is not enhanced.

[2020-11-14 13:35:52 #8 type] 
Type domain.Administratzailea is not enhanced.

[2020-11-14 13:35:52 #9 type] 
Type domain.DiruMugimendua is not enhanced.

------------------------------------------------------------------------------------------------------------------------

[2020-11-14 13:52:46 #1 store] 
Database 'C:\Users\Garazi\Desktop\Informatika\SI2\lab6\Bets2021\src\main\resources\bets.temp' is opened by 14036@DESKTOP-OCIQLOI

[2020-11-14 13:52:46 #2 type] 
Type domain.Pertsona is not enhanced.

[2020-11-14 13:52:46 #3 type] 
Type domain.PertsonaErregistratua is not enhanced.

[2020-11-14 13:52:46 #4 type] 
Type domain.Apustua is not enhanced.

[2020-11-14 13:52:46 #5 type] 
Type domain.Kuota is not enhanced.

[2020-11-14 13:52:46 #6 type] 
Type domain.Question is not enhanced.

[2020-11-14 13:52:46 #7 type] 
Type domain.Event is not enhanced.

[2020-11-14 13:52:46 #8 type] 
Type domain.Administratzailea is not enhanced.

[2020-11-14 13:52:46 #9 type] 
Type domain.DiruMugimendua is not enhanced.

------------------------------------------------------------------------------------------------------------------------

[2020-11-14 13:55:34 #1 store] 
Database 'C:\Users\Garazi\Desktop\Informatika\SI2\lab6\Bets2021\src\main\resources\bets.temp' is opened by 9988@DESKTOP-OCIQLOI

[2020-11-14 13:55:35 #2 type] 
Type domain.Pertsona is not enhanced.

[2020-11-14 13:55:35 #3 type] 
Type domain.PertsonaErregistratua is not enhanced.

[2020-11-14 13:55:35 #4 type] 
Type domain.Apustua is not enhanced.

[2020-11-14 13:55:35 #5 type] 
Type domain.Kuota is not enhanced.

[2020-11-14 13:55:35 #6 type] 
Type domain.Question is not enhanced.

[2020-11-14 13:55:35 #7 type] 
Type domain.Event is not enhanced.

[2020-11-14 13:55:35 #8 type] 
Type domain.Administratzailea is not enhanced.

[2020-11-14 13:55:35 #9 type] 
Type domain.DiruMugimendua is not enhanced.

------------------------------------------------------------------------------------------------------------------------

[2020-11-14 13:58:02 #1 store] 
Database 'C:\Users\Garazi\Desktop\Informatika\SI2\lab6\Bets2021\src\main\resources\bets.temp' is opened by 6308@DESKTOP-OCIQLOI

[2020-11-14 13:58:02 #2 type] 
Type domain.Pertsona is not enhanced.

[2020-11-14 13:58:02 #3 type] 
Type domain.PertsonaErregistratua is not enhanced.

[2020-11-14 13:58:02 #4 type] 
Type domain.Apustua is not enhanced.

[2020-11-14 13:58:02 #5 type] 
Type domain.Kuota is not enhanced.

[2020-11-14 13:58:02 #6 type] 
Type domain.Question is not enhanced.

[2020-11-14 13:58:02 #7 type] 
Type domain.Event is not enhanced.

[2020-11-14 13:58:02 #8 type] 
Type domain.Administratzailea is not enhanced.

[2020-11-14 13:58:02 #9 type] 
Type domain.DiruMugimendua is not enhanced.

------------------------------------------------------------------------------------------------------------------------

[2020-11-14 13:59:39 #1 store] 
Database 'C:\Users\Garazi\Desktop\Informatika\SI2\lab6\Bets2021\src\main\resources\bets.temp' is opened by 9024@DESKTOP-OCIQLOI

[2020-11-14 13:59:39 #2 type] 
Type domain.Pertsona is not enhanced.

[2020-11-14 13:59:39 #3 type] 
Type domain.PertsonaErregistratua is not enhanced.

[2020-11-14 13:59:39 #4 type] 
Type domain.Apustua is not enhanced.

[2020-11-14 13:59:39 #5 type] 
Type domain.Kuota is not enhanced.

[2020-11-14 13:59:39 #6 type] 
Type domain.Question is not enhanced.

[2020-11-14 13:59:39 #7 type] 
Type domain.Event is not enhanced.

[2020-11-14 13:59:39 #8 type] 
Type domain.Administratzailea is not enhanced.

[2020-11-14 13:59:39 #9 type] 
Type domain.DiruMugimendua is not enhanced.

------------------------------------------------------------------------------------------------------------------------

[2020-11-14 14:06:09 #1 store] 
Database 'C:\Users\Garazi\Desktop\Informatika\SI2\lab6\Bets2021\src\main\resources\bets.temp' is opened by 13744@DESKTOP-OCIQLOI

[2020-11-14 14:06:09 #2 type] 
Type domain.Pertsona is not enhanced.

[2020-11-14 14:06:09 #3 type] 
Type domain.PertsonaErregistratua is not enhanced.

[2020-11-14 14:06:09 #4 type] 
Type domain.Apustua is not enhanced.

[2020-11-14 14:06:09 #5 type] 
Type domain.Kuota is not enhanced.

[2020-11-14 14:06:09 #6 type] 
Type domain.Question is not enhanced.

[2020-11-14 14:06:09 #7 type] 
Type domain.Event is not enhanced.

[2020-11-14 14:06:09 #8 type] 
Type domain.Administratzailea is not enhanced.

[2020-11-14 14:06:09 #9 type] 
Type domain.DiruMugimendua is not enhanced.

------------------------------------------------------------------------------------------------------------------------

[2020-11-14 17:26:23 #1 store] 
Database 'C:\Users\Garazi\Desktop\Informatika\SI2\lab6\Bets2021\src\main\resources\bets.temp' is opened by 9812@DESKTOP-OCIQLOI

[2020-11-14 17:26:24 #2 type] 
Type domain.Pertsona is not enhanced.

[2020-11-14 17:26:24 #3 type] 
Type domain.PertsonaErregistratua is not enhanced.

[2020-11-14 17:26:24 #4 type] 
Type domain.Apustua is not enhanced.

[2020-11-14 17:26:24 #5 type] 
Type domain.Kuota is not enhanced.

[2020-11-14 17:26:24 #6 type] 
Type domain.Question is not enhanced.

[2020-11-14 17:26:24 #7 type] 
Type domain.Event is not enhanced.

[2020-11-14 17:26:24 #8 type] 
Type domain.Administratzailea is not enhanced.

[2020-11-14 17:26:24 #9 type] 
Type domain.DiruMugimendua is not enhanced.

------------------------------------------------------------------------------------------------------------------------

[2020-11-14 17:28:59 #1 store] 
Database 'C:\Users\Garazi\Desktop\Informatika\SI2\lab6\Bets2021\src\main\resources\bets.temp' is opened by 5236@DESKTOP-OCIQLOI

[2020-11-14 17:28:59 #2 type] 
Type domain.Pertsona is not enhanced.

[2020-11-14 17:28:59 #3 type] 
Type domain.PertsonaErregistratua is not enhanced.

[2020-11-14 17:28:59 #4 type] 
Type domain.Apustua is not enhanced.

[2020-11-14 17:28:59 #5 type] 
Type domain.Kuota is not enhanced.

[2020-11-14 17:28:59 #6 type] 
Type domain.Question is not enhanced.

[2020-11-14 17:28:59 #7 type] 
Type domain.Event is not enhanced.

[2020-11-14 17:28:59 #8 type] 
Type domain.Administratzailea is not enhanced.

[2020-11-14 17:28:59 #9 type] 
Type domain.DiruMugimendua is not enhanced.

------------------------------------------------------------------------------------------------------------------------

[2020-11-14 17:29:27 #1 store] 
Database 'C:\Users\Garazi\Desktop\Informatika\SI2\lab6\Bets2021\src\main\resources\bets.temp' is opened by 2624@DESKTOP-OCIQLOI

[2020-11-14 17:29:28 #2 type] 
Type domain.Pertsona is not enhanced.

[2020-11-14 17:29:28 #3 type] 
Type domain.PertsonaErregistratua is not enhanced.

[2020-11-14 17:29:28 #4 type] 
Type domain.Apustua is not enhanced.

[2020-11-14 17:29:28 #5 type] 
Type domain.Kuota is not enhanced.

[2020-11-14 17:29:28 #6 type] 
Type domain.Question is not enhanced.

[2020-11-14 17:29:28 #7 type] 
Type domain.Event is not enhanced.

[2020-11-14 17:29:28 #8 type] 
Type domain.Administratzailea is not enhanced.

[2020-11-14 17:29:28 #9 type] 
Type domain.DiruMugimendua is not enhanced.

------------------------------------------------------------------------------------------------------------------------

[2020-11-14 17:30:19 #1 store] 
Database 'C:\Users\Garazi\Desktop\Informatika\SI2\lab6\Bets2021\src\main\resources\bets.temp' is opened by 4676@DESKTOP-OCIQLOI

[2020-11-14 17:30:19 #2 type] 
Type domain.Pertsona is not enhanced.

[2020-11-14 17:30:19 #3 type] 
Type domain.PertsonaErregistratua is not enhanced.

[2020-11-14 17:30:19 #4 type] 
Type domain.Apustua is not enhanced.

[2020-11-14 17:30:19 #5 type] 
Type domain.Kuota is not enhanced.

[2020-11-14 17:30:19 #6 type] 
Type domain.Question is not enhanced.

[2020-11-14 17:30:19 #7 type] 
Type domain.Event is not enhanced.

[2020-11-14 17:30:19 #8 type] 
Type domain.Administratzailea is not enhanced.

[2020-11-14 17:30:19 #9 type] 
Type domain.DiruMugimendua is not enhanced.

------------------------------------------------------------------------------------------------------------------------

[2020-11-14 17:31:02 #1 store] 
Database 'C:\Users\Garazi\Desktop\Informatika\SI2\lab6\Bets2021\src\main\resources\bets.temp' is opened by 8752@DESKTOP-OCIQLOI

[2020-11-14 17:31:03 #2 type] 
Type domain.Pertsona is not enhanced.

[2020-11-14 17:31:03 #3 type] 
Type domain.PertsonaErregistratua is not enhanced.

[2020-11-14 17:31:03 #4 type] 
Type domain.Apustua is not enhanced.

[2020-11-14 17:31:03 #5 type] 
Type domain.Kuota is not enhanced.

[2020-11-14 17:31:03 #6 type] 
Type domain.Question is not enhanced.

[2020-11-14 17:31:03 #7 type] 
Type domain.Event is not enhanced.

[2020-11-14 17:31:03 #8 type] 
Type domain.Administratzailea is not enhanced.

[2020-11-14 17:31:03 #9 type] 
Type domain.DiruMugimendua is not enhanced.

------------------------------------------------------------------------------------------------------------------------

[2020-11-14 17:32:05 #1 store] 
Database 'C:\Users\Garazi\Desktop\Informatika\SI2\lab6\Bets2021\src\main\resources\bets.temp' is opened by 2232@DESKTOP-OCIQLOI

[2020-11-14 17:32:05 #2 type] 
Type domain.Pertsona is not enhanced.

[2020-11-14 17:32:05 #3 type] 
Type domain.PertsonaErregistratua is not enhanced.

[2020-11-14 17:32:05 #4 type] 
Type domain.Apustua is not enhanced.

[2020-11-14 17:32:05 #5 type] 
Type domain.Kuota is not enhanced.

[2020-11-14 17:32:05 #6 type] 
Type domain.Question is not enhanced.

[2020-11-14 17:32:05 #7 type] 
Type domain.Event is not enhanced.

[2020-11-14 17:32:05 #8 type] 
Type domain.Administratzailea is not enhanced.

[2020-11-14 17:32:05 #9 type] 
Type domain.DiruMugimendua is not enhanced.

------------------------------------------------------------------------------------------------------------------------

[2020-11-14 17:32:21 #1 store] 
Database 'C:\Users\Garazi\Desktop\Informatika\SI2\lab6\Bets2021\src\main\resources\bets.temp' is opened by 11756@DESKTOP-OCIQLOI

[2020-11-14 17:32:21 #2 type] 
Type domain.Pertsona is not enhanced.

[2020-11-14 17:32:21 #3 type] 
Type domain.PertsonaErregistratua is not enhanced.

[2020-11-14 17:32:21 #4 type] 
Type domain.Apustua is not enhanced.

[2020-11-14 17:32:21 #5 type] 
Type domain.Kuota is not enhanced.

[2020-11-14 17:32:21 #6 type] 
Type domain.Question is not enhanced.

[2020-11-14 17:32:21 #7 type] 
Type domain.Event is not enhanced.

[2020-11-14 17:32:22 #8 type] 
Type domain.Administratzailea is not enhanced.

[2020-11-14 17:32:22 #9 type] 
Type domain.DiruMugimendua is not enhanced.

------------------------------------------------------------------------------------------------------------------------

[2020-11-14 18:00:42 #1 store] 
Database 'C:\Users\Garazi\Desktop\Informatika\SI2\lab6\Bets2021\src\main\resources\bets.temp' has been recovered (tr. 66-66)

[2020-11-14 18:00:42 #2 store] 
Database 'C:\Users\Garazi\Desktop\Informatika\SI2\lab6\Bets2021\src\main\resources\bets.temp' is opened by 13988@DESKTOP-OCIQLOI

[2020-11-14 18:00:42 #3 type] 
Type domain.Pertsona is not enhanced.

[2020-11-14 18:00:42 #4 type] 
Type domain.PertsonaErregistratua is not enhanced.

[2020-11-14 18:00:42 #5 type] 
Type domain.Apustua is not enhanced.

[2020-11-14 18:00:42 #6 type] 
Type domain.Kuota is not enhanced.

[2020-11-14 18:00:42 #7 type] 
Type domain.Question is not enhanced.

[2020-11-14 18:00:42 #8 type] 
Type domain.Event is not enhanced.

[2020-11-14 18:00:42 #9 type] 
Type domain.Administratzailea is not enhanced.

[2020-11-14 18:00:42 #10 type] 
Type domain.DiruMugimendua is not enhanced.

------------------------------------------------------------------------------------------------------------------------

[2020-11-14 18:04:10 #1 store] 
Database 'C:\Users\Garazi\Desktop\Informatika\SI2\lab6\Bets2021\src\main\resources\bets.temp' is opened by 13028@DESKTOP-OCIQLOI

[2020-11-14 18:04:10 #2 type] 
Type domain.Pertsona is not enhanced.

[2020-11-14 18:04:10 #3 type] 
Type domain.PertsonaErregistratua is not enhanced.

[2020-11-14 18:04:10 #4 type] 
Type domain.Apustua is not enhanced.

[2020-11-14 18:04:10 #5 type] 
Type domain.Kuota is not enhanced.

[2020-11-14 18:04:10 #6 type] 
Type domain.Question is not enhanced.

[2020-11-14 18:04:10 #7 type] 
Type domain.Event is not enhanced.

[2020-11-14 18:04:10 #8 type] 
Type domain.Administratzailea is not enhanced.

[2020-11-14 18:04:10 #9 type] 
Type domain.DiruMugimendua is not enhanced.

