------------------------------------------------------------------------------------------------------------------------

[2020-11-12 17:19:51 #1 store] 
Database 'C:\Users\Garazi\Desktop\Informatika\SI2\lab6\Bets2021\src\main\resources\bets.temp' has been recovered (tr. 44-49)

[2020-11-12 17:19:51 #2 store] 
Database 'C:\Users\Garazi\Desktop\Informatika\SI2\lab6\Bets2021\src\main\resources\bets.temp' is opened by 13852@DESKTOP-OCIQLOI

[2020-11-12 17:19:52 #3 type] 
Type domain.Pertsona is not enhanced.

[2020-11-12 17:19:52 #4 type] 
Type domain.PertsonaErregistratua is not enhanced.

[2020-11-12 17:19:52 #5 type] 
Type domain.Apustua is not enhanced.

[2020-11-12 17:19:52 #6 type] 
Type domain.Kuota is not enhanced.

[2020-11-12 17:19:52 #7 type] 
Type domain.Question is not enhanced.

[2020-11-12 17:19:52 #8 type] 
Type domain.Event is not enhanced.

------------------------------------------------------------------------------------------------------------------------

[2020-11-12 17:38:47 #1 store] 
Database 'C:\Users\Garazi\Desktop\Informatika\SI2\lab6\Bets2021\src\main\resources\bets.temp' is opened by 15024@DESKTOP-OCIQLOI

[2020-11-12 17:38:47 #2 type] 
Type domain.Pertsona is not enhanced.

[2020-11-12 17:38:47 #3 type] 
Type domain.PertsonaErregistratua is not enhanced.

[2020-11-12 17:38:47 #4 type] 
Type domain.Apustua is not enhanced.

[2020-11-12 17:38:47 #5 type] 
Type domain.Kuota is not enhanced.

[2020-11-12 17:38:47 #6 type] 
Type domain.Question is not enhanced.

[2020-11-12 17:38:47 #7 type] 
Type domain.Event is not enhanced.

------------------------------------------------------------------------------------------------------------------------

[2020-11-12 18:47:13 #1 store] 
Database 'C:\Users\Garazi\Desktop\Informatika\SI2\lab6\Bets2021\src\main\resources\bets.temp' is opened by 11508@DESKTOP-OCIQLOI

[2020-11-12 18:47:14 #2 type] 
Type domain.Pertsona is not enhanced.

[2020-11-12 18:47:14 #3 type] 
Type domain.PertsonaErregistratua is not enhanced.

[2020-11-12 18:47:14 #4 type] 
Type domain.Apustua is not enhanced.

[2020-11-12 18:47:14 #5 type] 
Type domain.Kuota is not enhanced.

[2020-11-12 18:47:14 #6 type] 
Type domain.Question is not enhanced.

[2020-11-12 18:47:14 #7 type] 
Type domain.Event is not enhanced.

------------------------------------------------------------------------------------------------------------------------

[2020-11-12 18:59:34 #1 store] 
Database 'C:\Users\Garazi\Desktop\Informatika\SI2\lab6\Bets2021\src\main\resources\bets.temp' is opened by 15888@DESKTOP-OCIQLOI

[2020-11-12 18:59:34 #2 type] 
Type domain.Pertsona is not enhanced.

[2020-11-12 18:59:34 #3 type] 
Type domain.PertsonaErregistratua is not enhanced.

[2020-11-12 18:59:34 #4 type] 
Type domain.Apustua is not enhanced.

[2020-11-12 18:59:34 #5 type] 
Type domain.Kuota is not enhanced.

[2020-11-12 18:59:34 #6 type] 
Type domain.Question is not enhanced.

[2020-11-12 18:59:34 #7 type] 
Type domain.Event is not enhanced.

------------------------------------------------------------------------------------------------------------------------

[2020-11-12 19:01:04 #1 store] 
Database 'C:\Users\Garazi\Desktop\Informatika\SI2\lab6\Bets2021\src\main\resources\bets.temp' is opened by 8216@DESKTOP-OCIQLOI

[2020-11-12 19:01:04 #2 type] 
Type domain.Pertsona is not enhanced.

[2020-11-12 19:01:04 #3 type] 
Type domain.PertsonaErregistratua is not enhanced.

[2020-11-12 19:01:04 #4 type] 
Type domain.Apustua is not enhanced.

[2020-11-12 19:01:04 #5 type] 
Type domain.Kuota is not enhanced.

[2020-11-12 19:01:04 #6 type] 
Type domain.Question is not enhanced.

[2020-11-12 19:01:04 #7 type] 
Type domain.Event is not enhanced.

------------------------------------------------------------------------------------------------------------------------

[2020-11-12 19:03:43 #1 store] 
Database 'C:\Users\Garazi\Desktop\Informatika\SI2\lab6\Bets2021\src\main\resources\bets.temp' is opened by 15020@DESKTOP-OCIQLOI

[2020-11-12 19:03:43 #2 type] 
Type domain.Pertsona is not enhanced.

[2020-11-12 19:03:43 #3 type] 
Type domain.PertsonaErregistratua is not enhanced.

[2020-11-12 19:03:43 #4 type] 
Type domain.Apustua is not enhanced.

[2020-11-12 19:03:43 #5 type] 
Type domain.Kuota is not enhanced.

[2020-11-12 19:03:43 #6 type] 
Type domain.Question is not enhanced.

[2020-11-12 19:03:43 #7 type] 
Type domain.Event is not enhanced.

[2020-11-12 19:03:43 #8 type.registry] 
New type domain.Administratzailea

[2020-11-12 19:03:43 #9 type] 
Type domain.Administratzailea is not enhanced.

------------------------------------------------------------------------------------------------------------------------

[2020-11-12 19:04:41 #1 store] 
Database 'C:\Users\Garazi\Desktop\Informatika\SI2\lab6\Bets2021\src\main\resources\bets.temp' is opened by 10880@DESKTOP-OCIQLOI

[2020-11-12 19:04:41 #2 type] 
Type domain.Pertsona is not enhanced.

[2020-11-12 19:04:41 #3 type] 
Type domain.PertsonaErregistratua is not enhanced.

[2020-11-12 19:04:41 #4 type] 
Type domain.Apustua is not enhanced.

[2020-11-12 19:04:41 #5 type] 
Type domain.Kuota is not enhanced.

[2020-11-12 19:04:41 #6 type] 
Type domain.Question is not enhanced.

[2020-11-12 19:04:41 #7 type] 
Type domain.Event is not enhanced.

[2020-11-12 19:04:41 #8 type] 
Type domain.Administratzailea is not enhanced.

------------------------------------------------------------------------------------------------------------------------

[2020-11-12 19:05:48 #1 store] 
Database 'C:\Users\Garazi\Desktop\Informatika\SI2\lab6\Bets2021\src\main\resources\bets.temp' is opened by 14140@DESKTOP-OCIQLOI

[2020-11-12 19:05:48 #2 type] 
Type domain.Pertsona is not enhanced.

[2020-11-12 19:05:48 #3 type] 
Type domain.PertsonaErregistratua is not enhanced.

[2020-11-12 19:05:48 #4 type] 
Type domain.Apustua is not enhanced.

[2020-11-12 19:05:48 #5 type] 
Type domain.Kuota is not enhanced.

[2020-11-12 19:05:48 #6 type] 
Type domain.Question is not enhanced.

[2020-11-12 19:05:48 #7 type] 
Type domain.Event is not enhanced.

[2020-11-12 19:05:48 #8 type] 
Type domain.Administratzailea is not enhanced.

------------------------------------------------------------------------------------------------------------------------

[2020-11-12 19:12:40 #1 store] 
Database 'C:\Users\Garazi\Desktop\Informatika\SI2\lab6\Bets2021\src\main\resources\bets.temp' is opened by 8932@DESKTOP-OCIQLOI

[2020-11-12 19:12:40 #2 type] 
Type domain.Pertsona is not enhanced.

[2020-11-12 19:12:40 #3 type] 
Type domain.PertsonaErregistratua is not enhanced.

[2020-11-12 19:12:40 #4 type] 
Type domain.Apustua is not enhanced.

[2020-11-12 19:12:40 #5 type] 
Type domain.Kuota is not enhanced.

[2020-11-12 19:12:40 #6 type] 
Type domain.Question is not enhanced.

[2020-11-12 19:12:40 #7 type] 
Type domain.Event is not enhanced.

[2020-11-12 19:12:40 #8 type] 
Type domain.Administratzailea is not enhanced.

------------------------------------------------------------------------------------------------------------------------

[2020-11-12 19:12:49 #1 store] 
Database 'C:\Users\Garazi\Desktop\Informatika\SI2\lab6\Bets2021\src\main\resources\bets.temp' is opened by 11480@DESKTOP-OCIQLOI

[2020-11-12 19:12:49 #2 type] 
Type domain.Pertsona is not enhanced.

[2020-11-12 19:12:49 #3 type] 
Type domain.PertsonaErregistratua is not enhanced.

[2020-11-12 19:12:49 #4 type] 
Type domain.Apustua is not enhanced.

[2020-11-12 19:12:49 #5 type] 
Type domain.Kuota is not enhanced.

[2020-11-12 19:12:49 #6 type] 
Type domain.Question is not enhanced.

[2020-11-12 19:12:49 #7 type] 
Type domain.Event is not enhanced.

[2020-11-12 19:12:49 #8 type] 
Type domain.Administratzailea is not enhanced.

------------------------------------------------------------------------------------------------------------------------

[2020-11-12 19:14:05 #1 store] 
Database 'C:\Users\Garazi\Desktop\Informatika\SI2\lab6\Bets2021\src\main\resources\bets.temp' is opened by 15068@DESKTOP-OCIQLOI

[2020-11-12 19:14:05 #2 type] 
Type domain.Pertsona is not enhanced.

[2020-11-12 19:14:05 #3 type] 
Type domain.PertsonaErregistratua is not enhanced.

[2020-11-12 19:14:05 #4 type] 
Type domain.Apustua is not enhanced.

[2020-11-12 19:14:05 #5 type] 
Type domain.Kuota is not enhanced.

[2020-11-12 19:14:05 #6 type] 
Type domain.Question is not enhanced.

[2020-11-12 19:14:05 #7 type] 
Type domain.Event is not enhanced.

[2020-11-12 19:14:05 #8 type] 
Type domain.Administratzailea is not enhanced.

------------------------------------------------------------------------------------------------------------------------

[2020-11-12 19:14:31 #1 store] 
Database 'C:\Users\Garazi\Desktop\Informatika\SI2\lab6\Bets2021\src\main\resources\bets.temp' is opened by 13216@DESKTOP-OCIQLOI

[2020-11-12 19:14:31 #2 type] 
Type domain.Pertsona is not enhanced.

[2020-11-12 19:14:31 #3 type] 
Type domain.PertsonaErregistratua is not enhanced.

[2020-11-12 19:14:31 #4 type] 
Type domain.Apustua is not enhanced.

[2020-11-12 19:14:31 #5 type] 
Type domain.Kuota is not enhanced.

[2020-11-12 19:14:31 #6 type] 
Type domain.Question is not enhanced.

[2020-11-12 19:14:31 #7 type] 
Type domain.Event is not enhanced.

[2020-11-12 19:14:31 #8 type] 
Type domain.Administratzailea is not enhanced.

------------------------------------------------------------------------------------------------------------------------

[2020-11-12 19:14:46 #1 store] 
Database 'C:\Users\Garazi\Desktop\Informatika\SI2\lab6\Bets2021\src\main\resources\bets.temp' is opened by 528@DESKTOP-OCIQLOI

[2020-11-12 19:14:46 #2 type] 
Type domain.Pertsona is not enhanced.

[2020-11-12 19:14:46 #3 type] 
Type domain.PertsonaErregistratua is not enhanced.

[2020-11-12 19:14:46 #4 type] 
Type domain.Apustua is not enhanced.

[2020-11-12 19:14:46 #5 type] 
Type domain.Kuota is not enhanced.

[2020-11-12 19:14:46 #6 type] 
Type domain.Question is not enhanced.

[2020-11-12 19:14:46 #7 type] 
Type domain.Event is not enhanced.

[2020-11-12 19:14:46 #8 type] 
Type domain.Administratzailea is not enhanced.

------------------------------------------------------------------------------------------------------------------------

[2020-11-12 19:16:31 #1 store] 
Database 'C:\Users\Garazi\Desktop\Informatika\SI2\lab6\Bets2021\src\main\resources\bets.temp' is opened by 12224@DESKTOP-OCIQLOI

[2020-11-12 19:16:31 #2 type] 
Type domain.Pertsona is not enhanced.

[2020-11-12 19:16:31 #3 type] 
Type domain.PertsonaErregistratua is not enhanced.

[2020-11-12 19:16:31 #4 type] 
Type domain.Apustua is not enhanced.

[2020-11-12 19:16:31 #5 type] 
Type domain.Kuota is not enhanced.

[2020-11-12 19:16:31 #6 type] 
Type domain.Question is not enhanced.

[2020-11-12 19:16:31 #7 type] 
Type domain.Event is not enhanced.

[2020-11-12 19:16:31 #8 type] 
Type domain.Administratzailea is not enhanced.

------------------------------------------------------------------------------------------------------------------------

[2020-11-12 19:17:08 #1 store] 
Database 'C:\Users\Garazi\Desktop\Informatika\SI2\lab6\Bets2021\src\main\resources\bets.temp' is opened by 15404@DESKTOP-OCIQLOI

[2020-11-12 19:17:08 #2 type] 
Type domain.Pertsona is not enhanced.

[2020-11-12 19:17:08 #3 type] 
Type domain.PertsonaErregistratua is not enhanced.

[2020-11-12 19:17:08 #4 type] 
Type domain.Apustua is not enhanced.

[2020-11-12 19:17:08 #5 type] 
Type domain.Kuota is not enhanced.

[2020-11-12 19:17:08 #6 type] 
Type domain.Question is not enhanced.

[2020-11-12 19:17:08 #7 type] 
Type domain.Event is not enhanced.

[2020-11-12 19:17:08 #8 type] 
Type domain.Administratzailea is not enhanced.

------------------------------------------------------------------------------------------------------------------------

[2020-11-12 19:17:24 #1 store] 
Database 'C:\Users\Garazi\Desktop\Informatika\SI2\lab6\Bets2021\src\main\resources\bets.temp' is opened by 9628@DESKTOP-OCIQLOI

[2020-11-12 19:17:24 #2 type] 
Type domain.Pertsona is not enhanced.

[2020-11-12 19:17:24 #3 type] 
Type domain.PertsonaErregistratua is not enhanced.

[2020-11-12 19:17:24 #4 type] 
Type domain.Apustua is not enhanced.

[2020-11-12 19:17:24 #5 type] 
Type domain.Kuota is not enhanced.

[2020-11-12 19:17:24 #6 type] 
Type domain.Question is not enhanced.

[2020-11-12 19:17:24 #7 type] 
Type domain.Event is not enhanced.

[2020-11-12 19:17:24 #8 type] 
Type domain.Administratzailea is not enhanced.

------------------------------------------------------------------------------------------------------------------------

[2020-11-12 19:18:52 #1 store] 
Database 'C:\Users\Garazi\Desktop\Informatika\SI2\lab6\Bets2021\src\main\resources\bets.temp' is opened by 16312@DESKTOP-OCIQLOI

[2020-11-12 19:18:52 #2 type] 
Type domain.Pertsona is not enhanced.

[2020-11-12 19:18:52 #3 type] 
Type domain.PertsonaErregistratua is not enhanced.

[2020-11-12 19:18:52 #4 type] 
Type domain.Apustua is not enhanced.

[2020-11-12 19:18:52 #5 type] 
Type domain.Kuota is not enhanced.

[2020-11-12 19:18:52 #6 type] 
Type domain.Question is not enhanced.

[2020-11-12 19:18:52 #7 type] 
Type domain.Event is not enhanced.

[2020-11-12 19:18:52 #8 type] 
Type domain.Administratzailea is not enhanced.

------------------------------------------------------------------------------------------------------------------------

[2020-11-12 19:23:43 #1 store] 
Database 'C:\Users\Garazi\Desktop\Informatika\SI2\lab6\Bets2021\src\main\resources\bets.temp' is opened by 13788@DESKTOP-OCIQLOI

[2020-11-12 19:23:44 #2 type] 
Type domain.Pertsona is not enhanced.

[2020-11-12 19:23:44 #3 type] 
Type domain.PertsonaErregistratua is not enhanced.

[2020-11-12 19:23:44 #4 type] 
Type domain.Apustua is not enhanced.

[2020-11-12 19:23:44 #5 type] 
Type domain.Kuota is not enhanced.

[2020-11-12 19:23:44 #6 type] 
Type domain.Question is not enhanced.

[2020-11-12 19:23:44 #7 type] 
Type domain.Event is not enhanced.

[2020-11-12 19:23:44 #8 type] 
Type domain.Administratzailea is not enhanced.

------------------------------------------------------------------------------------------------------------------------

[2020-11-12 19:25:21 #1 store] 
Database 'C:\Users\Garazi\Desktop\Informatika\SI2\lab6\Bets2021\src\main\resources\bets.temp' is opened by 15828@DESKTOP-OCIQLOI

[2020-11-12 19:25:21 #2 type] 
Type domain.Pertsona is not enhanced.

[2020-11-12 19:25:21 #3 type] 
Type domain.PertsonaErregistratua is not enhanced.

[2020-11-12 19:25:21 #4 type] 
Type domain.Apustua is not enhanced.

[2020-11-12 19:25:21 #5 type] 
Type domain.Kuota is not enhanced.

[2020-11-12 19:25:21 #6 type] 
Type domain.Question is not enhanced.

[2020-11-12 19:25:21 #7 type] 
Type domain.Event is not enhanced.

[2020-11-12 19:25:21 #8 type] 
Type domain.Administratzailea is not enhanced.

------------------------------------------------------------------------------------------------------------------------

[2020-11-12 19:25:39 #1 store] 
Database 'C:\Users\Garazi\Desktop\Informatika\SI2\lab6\Bets2021\src\main\resources\bets.temp' is opened by 1424@DESKTOP-OCIQLOI

[2020-11-12 19:25:39 #2 type] 
Type domain.Pertsona is not enhanced.

[2020-11-12 19:25:39 #3 type] 
Type domain.PertsonaErregistratua is not enhanced.

[2020-11-12 19:25:39 #4 type] 
Type domain.Apustua is not enhanced.

[2020-11-12 19:25:39 #5 type] 
Type domain.Kuota is not enhanced.

[2020-11-12 19:25:39 #6 type] 
Type domain.Question is not enhanced.

[2020-11-12 19:25:40 #7 type] 
Type domain.Event is not enhanced.

[2020-11-12 19:25:40 #8 type] 
Type domain.Administratzailea is not enhanced.

------------------------------------------------------------------------------------------------------------------------

[2020-11-12 19:27:20 #1 store] 
Database 'C:\Users\Garazi\Desktop\Informatika\SI2\lab6\Bets2021\src\main\resources\bets.temp' is opened by 15024@DESKTOP-OCIQLOI

[2020-11-12 19:27:20 #2 type] 
Type domain.Pertsona is not enhanced.

[2020-11-12 19:27:20 #3 type] 
Type domain.PertsonaErregistratua is not enhanced.

[2020-11-12 19:27:20 #4 type] 
Type domain.Apustua is not enhanced.

[2020-11-12 19:27:20 #5 type] 
Type domain.Kuota is not enhanced.

[2020-11-12 19:27:20 #6 type] 
Type domain.Question is not enhanced.

[2020-11-12 19:27:20 #7 type] 
Type domain.Event is not enhanced.

[2020-11-12 19:27:20 #8 type] 
Type domain.Administratzailea is not enhanced.

------------------------------------------------------------------------------------------------------------------------

[2020-11-12 19:28:11 #1 store] 
Database 'C:\Users\Garazi\Desktop\Informatika\SI2\lab6\Bets2021\src\main\resources\bets.temp' is opened by 10688@DESKTOP-OCIQLOI

[2020-11-12 19:28:11 #2 type] 
Type domain.Pertsona is not enhanced.

[2020-11-12 19:28:11 #3 type] 
Type domain.PertsonaErregistratua is not enhanced.

[2020-11-12 19:28:11 #4 type] 
Type domain.Apustua is not enhanced.

[2020-11-12 19:28:11 #5 type] 
Type domain.Kuota is not enhanced.

[2020-11-12 19:28:11 #6 type] 
Type domain.Question is not enhanced.

[2020-11-12 19:28:11 #7 type] 
Type domain.Event is not enhanced.

[2020-11-12 19:28:11 #8 type] 
Type domain.Administratzailea is not enhanced.

------------------------------------------------------------------------------------------------------------------------

[2020-11-12 19:30:24 #1 store] 
Database 'C:\Users\Garazi\Desktop\Informatika\SI2\lab6\Bets2021\src\main\resources\bets.temp' is opened by 14112@DESKTOP-OCIQLOI

[2020-11-12 19:30:24 #2 type] 
Type domain.Pertsona is not enhanced.

[2020-11-12 19:30:24 #3 type] 
Type domain.PertsonaErregistratua is not enhanced.

[2020-11-12 19:30:24 #4 type] 
Type domain.Apustua is not enhanced.

[2020-11-12 19:30:24 #5 type] 
Type domain.Kuota is not enhanced.

[2020-11-12 19:30:24 #6 type] 
Type domain.Question is not enhanced.

[2020-11-12 19:30:24 #7 type] 
Type domain.Event is not enhanced.

[2020-11-12 19:30:24 #8 type] 
Type domain.Administratzailea is not enhanced.

------------------------------------------------------------------------------------------------------------------------

[2020-11-12 19:30:42 #1 store] 
Database 'C:\Users\Garazi\Desktop\Informatika\SI2\lab6\Bets2021\src\main\resources\bets.temp' is opened by 3536@DESKTOP-OCIQLOI

[2020-11-12 19:30:42 #2 type] 
Type domain.Pertsona is not enhanced.

[2020-11-12 19:30:42 #3 type] 
Type domain.PertsonaErregistratua is not enhanced.

[2020-11-12 19:30:42 #4 type] 
Type domain.Apustua is not enhanced.

[2020-11-12 19:30:42 #5 type] 
Type domain.Kuota is not enhanced.

[2020-11-12 19:30:42 #6 type] 
Type domain.Question is not enhanced.

[2020-11-12 19:30:42 #7 type] 
Type domain.Event is not enhanced.

[2020-11-12 19:30:42 #8 type] 
Type domain.Administratzailea is not enhanced.

------------------------------------------------------------------------------------------------------------------------

[2020-11-12 19:32:12 #1 store] 
Database 'C:\Users\Garazi\Desktop\Informatika\SI2\lab6\Bets2021\src\main\resources\bets.temp' is opened by 5096@DESKTOP-OCIQLOI

[2020-11-12 19:32:12 #2 type] 
Type domain.Pertsona is not enhanced.

[2020-11-12 19:32:12 #3 type] 
Type domain.PertsonaErregistratua is not enhanced.

[2020-11-12 19:32:12 #4 type] 
Type domain.Apustua is not enhanced.

[2020-11-12 19:32:12 #5 type] 
Type domain.Kuota is not enhanced.

[2020-11-12 19:32:12 #6 type] 
Type domain.Question is not enhanced.

[2020-11-12 19:32:12 #7 type] 
Type domain.Event is not enhanced.

[2020-11-12 19:32:12 #8 type] 
Type domain.Administratzailea is not enhanced.

------------------------------------------------------------------------------------------------------------------------

[2020-11-12 19:32:32 #1 store] 
Database 'C:\Users\Garazi\Desktop\Informatika\SI2\lab6\Bets2021\src\main\resources\bets.temp' is opened by 13080@DESKTOP-OCIQLOI

[2020-11-12 19:32:32 #2 type] 
Type domain.Pertsona is not enhanced.

[2020-11-12 19:32:32 #3 type] 
Type domain.PertsonaErregistratua is not enhanced.

[2020-11-12 19:32:32 #4 type] 
Type domain.Apustua is not enhanced.

[2020-11-12 19:32:32 #5 type] 
Type domain.Kuota is not enhanced.

[2020-11-12 19:32:32 #6 type] 
Type domain.Question is not enhanced.

[2020-11-12 19:32:32 #7 type] 
Type domain.Event is not enhanced.

[2020-11-12 19:32:32 #8 type] 
Type domain.Administratzailea is not enhanced.

------------------------------------------------------------------------------------------------------------------------

[2020-11-12 19:32:51 #1 store] 
Database 'C:\Users\Garazi\Desktop\Informatika\SI2\lab6\Bets2021\src\main\resources\bets.temp' is opened by 13356@DESKTOP-OCIQLOI

[2020-11-12 19:32:51 #2 type] 
Type domain.Pertsona is not enhanced.

[2020-11-12 19:32:51 #3 type] 
Type domain.PertsonaErregistratua is not enhanced.

[2020-11-12 19:32:51 #4 type] 
Type domain.Apustua is not enhanced.

[2020-11-12 19:32:51 #5 type] 
Type domain.Kuota is not enhanced.

[2020-11-12 19:32:51 #6 type] 
Type domain.Question is not enhanced.

[2020-11-12 19:32:51 #7 type] 
Type domain.Event is not enhanced.

[2020-11-12 19:32:51 #8 type] 
Type domain.Administratzailea is not enhanced.

------------------------------------------------------------------------------------------------------------------------

[2020-11-12 19:43:09 #1 store] 
Database 'C:\Users\Garazi\Desktop\Informatika\SI2\lab6\Bets2021\src\main\resources\bets.temp' is opened by 1660@DESKTOP-OCIQLOI

[2020-11-12 19:43:10 #2 type] 
Type domain.Pertsona is not enhanced.

[2020-11-12 19:43:10 #3 type] 
Type domain.PertsonaErregistratua is not enhanced.

[2020-11-12 19:43:10 #4 type] 
Type domain.Apustua is not enhanced.

[2020-11-12 19:43:10 #5 type] 
Type domain.Kuota is not enhanced.

[2020-11-12 19:43:10 #6 type] 
Type domain.Question is not enhanced.

[2020-11-12 19:43:10 #7 type] 
Type domain.Event is not enhanced.

[2020-11-12 19:43:10 #8 type] 
Type domain.Administratzailea is not enhanced.

------------------------------------------------------------------------------------------------------------------------

[2020-11-12 19:43:41 #1 store] 
Database 'C:\Users\Garazi\Desktop\Informatika\SI2\lab6\Bets2021\src\main\resources\bets.temp' is opened by 7944@DESKTOP-OCIQLOI

[2020-11-12 19:43:41 #2 type] 
Type domain.Pertsona is not enhanced.

[2020-11-12 19:43:41 #3 type] 
Type domain.PertsonaErregistratua is not enhanced.

[2020-11-12 19:43:41 #4 type] 
Type domain.Apustua is not enhanced.

[2020-11-12 19:43:41 #5 type] 
Type domain.Kuota is not enhanced.

[2020-11-12 19:43:41 #6 type] 
Type domain.Question is not enhanced.

[2020-11-12 19:43:41 #7 type] 
Type domain.Event is not enhanced.

[2020-11-12 19:43:41 #8 type] 
Type domain.Administratzailea is not enhanced.

------------------------------------------------------------------------------------------------------------------------

[2020-11-12 19:43:57 #1 store] 
Database 'C:\Users\Garazi\Desktop\Informatika\SI2\lab6\Bets2021\src\main\resources\bets.temp' is opened by 252@DESKTOP-OCIQLOI

[2020-11-12 19:43:57 #2 type] 
Type domain.Pertsona is not enhanced.

[2020-11-12 19:43:57 #3 type] 
Type domain.PertsonaErregistratua is not enhanced.

[2020-11-12 19:43:57 #4 type] 
Type domain.Apustua is not enhanced.

[2020-11-12 19:43:57 #5 type] 
Type domain.Kuota is not enhanced.

[2020-11-12 19:43:57 #6 type] 
Type domain.Question is not enhanced.

[2020-11-12 19:43:57 #7 type] 
Type domain.Event is not enhanced.

[2020-11-12 19:43:57 #8 type] 
Type domain.Administratzailea is not enhanced.

------------------------------------------------------------------------------------------------------------------------

[2020-11-12 19:44:08 #1 store] 
Database 'C:\Users\Garazi\Desktop\Informatika\SI2\lab6\Bets2021\src\main\resources\bets.temp' is opened by 7804@DESKTOP-OCIQLOI

[2020-11-12 19:44:08 #2 type] 
Type domain.Pertsona is not enhanced.

[2020-11-12 19:44:08 #3 type] 
Type domain.PertsonaErregistratua is not enhanced.

[2020-11-12 19:44:08 #4 type] 
Type domain.Apustua is not enhanced.

[2020-11-12 19:44:08 #5 type] 
Type domain.Kuota is not enhanced.

[2020-11-12 19:44:08 #6 type] 
Type domain.Question is not enhanced.

[2020-11-12 19:44:08 #7 type] 
Type domain.Event is not enhanced.

[2020-11-12 19:44:08 #8 type] 
Type domain.Administratzailea is not enhanced.

------------------------------------------------------------------------------------------------------------------------

[2020-11-12 19:44:35 #1 store] 
Database 'C:\Users\Garazi\Desktop\Informatika\SI2\lab6\Bets2021\src\main\resources\bets.temp' is opened by 11964@DESKTOP-OCIQLOI

[2020-11-12 19:44:35 #2 type] 
Type domain.Pertsona is not enhanced.

[2020-11-12 19:44:35 #3 type] 
Type domain.PertsonaErregistratua is not enhanced.

[2020-11-12 19:44:35 #4 type] 
Type domain.Apustua is not enhanced.

[2020-11-12 19:44:35 #5 type] 
Type domain.Kuota is not enhanced.

[2020-11-12 19:44:35 #6 type] 
Type domain.Question is not enhanced.

[2020-11-12 19:44:35 #7 type] 
Type domain.Event is not enhanced.

[2020-11-12 19:44:35 #8 type] 
Type domain.Administratzailea is not enhanced.

------------------------------------------------------------------------------------------------------------------------

[2020-11-12 19:44:54 #1 store] 
Database 'C:\Users\Garazi\Desktop\Informatika\SI2\lab6\Bets2021\src\main\resources\bets.temp' is opened by 8172@DESKTOP-OCIQLOI

[2020-11-12 19:44:54 #2 type] 
Type domain.Pertsona is not enhanced.

[2020-11-12 19:44:54 #3 type] 
Type domain.PertsonaErregistratua is not enhanced.

[2020-11-12 19:44:54 #4 type] 
Type domain.Apustua is not enhanced.

[2020-11-12 19:44:54 #5 type] 
Type domain.Kuota is not enhanced.

[2020-11-12 19:44:54 #6 type] 
Type domain.Question is not enhanced.

[2020-11-12 19:44:54 #7 type] 
Type domain.Event is not enhanced.

[2020-11-12 19:44:54 #8 type] 
Type domain.Administratzailea is not enhanced.

------------------------------------------------------------------------------------------------------------------------

[2020-11-12 19:46:37 #1 store] 
Database 'C:\Users\Garazi\Desktop\Informatika\SI2\lab6\Bets2021\src\main\resources\bets.temp' is opened by 16332@DESKTOP-OCIQLOI

[2020-11-12 19:46:37 #2 type] 
Type domain.Pertsona is not enhanced.

[2020-11-12 19:46:37 #3 type] 
Type domain.PertsonaErregistratua is not enhanced.

[2020-11-12 19:46:37 #4 type] 
Type domain.Apustua is not enhanced.

[2020-11-12 19:46:37 #5 type] 
Type domain.Kuota is not enhanced.

[2020-11-12 19:46:37 #6 type] 
Type domain.Question is not enhanced.

[2020-11-12 19:46:38 #7 type] 
Type domain.Event is not enhanced.

[2020-11-12 19:46:38 #8 type] 
Type domain.Administratzailea is not enhanced.

------------------------------------------------------------------------------------------------------------------------

[2020-11-12 19:48:03 #1 store] 
Database 'C:\Users\Garazi\Desktop\Informatika\SI2\lab6\Bets2021\src\main\resources\bets.temp' is opened by 14140@DESKTOP-OCIQLOI

[2020-11-12 19:48:03 #2 type] 
Type domain.Pertsona is not enhanced.

[2020-11-12 19:48:03 #3 type] 
Type domain.PertsonaErregistratua is not enhanced.

[2020-11-12 19:48:03 #4 type] 
Type domain.Apustua is not enhanced.

[2020-11-12 19:48:03 #5 type] 
Type domain.Kuota is not enhanced.

[2020-11-12 19:48:03 #6 type] 
Type domain.Question is not enhanced.

[2020-11-12 19:48:03 #7 type] 
Type domain.Event is not enhanced.

[2020-11-12 19:48:03 #8 type] 
Type domain.Administratzailea is not enhanced.

------------------------------------------------------------------------------------------------------------------------

[2020-11-12 20:18:32 #1 store] 
Database 'C:\Users\Garazi\Desktop\Informatika\SI2\lab6\Bets2021\src\main\resources\bets.temp' is opened by 9096@DESKTOP-OCIQLOI

[2020-11-12 20:18:33 #2 type] 
Type domain.Pertsona is not enhanced.

[2020-11-12 20:18:33 #3 type] 
Type domain.PertsonaErregistratua is not enhanced.

[2020-11-12 20:18:33 #4 type] 
Type domain.Apustua is not enhanced.

[2020-11-12 20:18:33 #5 type] 
Type domain.Kuota is not enhanced.

[2020-11-12 20:18:33 #6 type] 
Type domain.Question is not enhanced.

[2020-11-12 20:18:33 #7 type] 
Type domain.Event is not enhanced.

[2020-11-12 20:18:33 #8 type] 
Type domain.Administratzailea is not enhanced.

