------------------------------------------------------------------------------------------------------------------------

[2020-10-19 09:09:18 #1 store] 
Database 'C:\Users\Garazi\Desktop\Informatika\SI2\Proiektua\Bets2021\src\main\resources\bets.temp' has been recovered (tr. 364-366)

[2020-10-19 09:09:18 #2 store] 
Database 'C:\Users\Garazi\Desktop\Informatika\SI2\Proiektua\Bets2021\src\main\resources\bets.temp' is opened by 9452@DESKTOP-OCIQLOI

[2020-10-19 09:09:18 #3 type] 
Type domain.Question is not enhanced.

[2020-10-19 09:09:18 #4 type] 
Type domain.Event is not enhanced.

[2020-10-19 09:09:18 #5 type] 
Type domain.Pertsona is not enhanced.

[2020-10-19 09:09:18 #6 type] 
Type domain.PertsonaErregistratua is not enhanced.

[2020-10-19 09:09:18 #7 type] 
Type domain.Administratzailea is not enhanced.

[2020-10-19 09:09:18 #8 type] 
Type domain.Kuota is not enhanced.

[2020-10-19 09:09:18 #9 type] 
Type domain.Apustua is not enhanced.

[2020-10-19 09:09:18 #10 type] 
Type domain.DiruMugimendua is not enhanced.

------------------------------------------------------------------------------------------------------------------------

[2020-10-19 09:11:18 #1 store] 
Database 'C:\Users\Garazi\Desktop\Informatika\SI2\Proiektua\Bets2021\src\main\resources\bets.temp' is opened by 5576@DESKTOP-OCIQLOI

[2020-10-19 09:11:18 #2 type.registry] 
New type domain.Pertsona

[2020-10-19 09:11:18 #3 type] 
Type domain.Pertsona is not enhanced.

[2020-10-19 09:11:18 #4 type.registry] 
New type domain.PertsonaErregistratua

[2020-10-19 09:11:18 #5 type] 
Type domain.PertsonaErregistratua is not enhanced.

[2020-10-19 09:11:18 #6 type.registry] 
New type domain.Apustua

[2020-10-19 09:11:18 #7 type.registry] 
New type java.util.Vector<domain.Apustua>

[2020-10-19 09:11:18 #8 type] 
Type domain.Apustua is not enhanced.

[2020-10-19 09:11:18 #9 type.registry] 
New type domain.Kuota

[2020-10-19 09:11:18 #10 type] 
Type domain.Kuota is not enhanced.

[2020-10-19 09:11:18 #11 type.registry] 
New type domain.Question

[2020-10-19 09:11:18 #12 type] 
Type domain.Question is not enhanced.

[2020-10-19 09:11:18 #13 type.registry] 
New type java.util.Vector<domain.Kuota>

[2020-10-19 09:11:18 #14 type.registry] 
New type domain.Event

[2020-10-19 09:11:18 #15 type] 
Type domain.Event is not enhanced.

[2020-10-19 09:11:18 #16 type.registry] 
New type java.util.Vector<domain.Question>

[2020-10-19 09:11:18 #17 type.registry] 
New type java.util.Vector<java.lang.Object>

------------------------------------------------------------------------------------------------------------------------

[2020-10-19 09:12:02 #1 store] 
Database 'C:\Users\Garazi\Desktop\Informatika\SI2\Proiektua\Bets2021\src\main\resources\bets.temp' is opened by 16204@DESKTOP-OCIQLOI

[2020-10-19 09:12:03 #2 type] 
Type domain.Pertsona is not enhanced.

[2020-10-19 09:12:03 #3 type] 
Type domain.PertsonaErregistratua is not enhanced.

[2020-10-19 09:12:03 #4 type] 
Type domain.Apustua is not enhanced.

[2020-10-19 09:12:03 #5 type] 
Type domain.Kuota is not enhanced.

[2020-10-19 09:12:03 #6 type] 
Type domain.Question is not enhanced.

[2020-10-19 09:12:03 #7 type] 
Type domain.Event is not enhanced.

------------------------------------------------------------------------------------------------------------------------

[2020-10-19 09:13:39 #1 store] 
Database 'C:\Users\Garazi\Desktop\Informatika\SI2\Proiektua\Bets2021\src\main\resources\bets.temp' is opened by 3148@DESKTOP-OCIQLOI

[2020-10-19 09:13:39 #2 type] 
Type domain.Pertsona is not enhanced.

[2020-10-19 09:13:39 #3 type] 
Type domain.PertsonaErregistratua is not enhanced.

[2020-10-19 09:13:39 #4 type] 
Type domain.Apustua is not enhanced.

[2020-10-19 09:13:39 #5 type] 
Type domain.Kuota is not enhanced.

[2020-10-19 09:13:39 #6 type] 
Type domain.Question is not enhanced.

[2020-10-19 09:13:39 #7 type] 
Type domain.Event is not enhanced.

------------------------------------------------------------------------------------------------------------------------

[2020-10-19 10:04:16 #1 store] 
Database 'C:\Users\Garazi\Desktop\Informatika\SI2\Proiektua\Bets2021\src\main\resources\bets.temp' is opened by 8484@DESKTOP-OCIQLOI

[2020-10-19 10:04:16 #2 type] 
Type domain.Pertsona is not enhanced.

[2020-10-19 10:04:16 #3 type] 
Type domain.PertsonaErregistratua is not enhanced.

[2020-10-19 10:04:16 #4 type] 
Type domain.Apustua is not enhanced.

[2020-10-19 10:04:16 #5 type] 
Type domain.Kuota is not enhanced.

[2020-10-19 10:04:16 #6 type] 
Type domain.Question is not enhanced.

[2020-10-19 10:04:16 #7 type] 
Type domain.Event is not enhanced.

------------------------------------------------------------------------------------------------------------------------

[2020-10-19 10:04:57 #1 store] 
Database 'C:\Users\Garazi\Desktop\Informatika\SI2\Proiektua\Bets2021\src\main\resources\bets.temp' is opened by 9908@DESKTOP-OCIQLOI

[2020-10-19 10:04:57 #2 type] 
Type domain.Pertsona is not enhanced.

[2020-10-19 10:04:57 #3 type] 
Type domain.PertsonaErregistratua is not enhanced.

[2020-10-19 10:04:57 #4 type] 
Type domain.Apustua is not enhanced.

[2020-10-19 10:04:57 #5 type] 
Type domain.Kuota is not enhanced.

[2020-10-19 10:04:57 #6 type] 
Type domain.Question is not enhanced.

[2020-10-19 10:04:57 #7 type] 
Type domain.Event is not enhanced.

------------------------------------------------------------------------------------------------------------------------

[2020-10-19 10:05:33 #1 store] 
Database 'C:\Users\Garazi\Desktop\Informatika\SI2\Proiektua\Bets2021\src\main\resources\bets.temp' has been recovered (tr. 21-24)

[2020-10-19 10:05:33 #2 store] 
Database 'C:\Users\Garazi\Desktop\Informatika\SI2\Proiektua\Bets2021\src\main\resources\bets.temp' is opened by 4856@DESKTOP-OCIQLOI

[2020-10-19 10:05:33 #3 type] 
Type domain.Pertsona is not enhanced.

[2020-10-19 10:05:33 #4 type] 
Type domain.PertsonaErregistratua is not enhanced.

[2020-10-19 10:05:33 #5 type] 
Type domain.Apustua is not enhanced.

[2020-10-19 10:05:33 #6 type] 
Type domain.Kuota is not enhanced.

[2020-10-19 10:05:33 #7 type] 
Type domain.Question is not enhanced.

[2020-10-19 10:05:33 #8 type] 
Type domain.Event is not enhanced.

------------------------------------------------------------------------------------------------------------------------

[2020-10-19 11:37:40 #1 store] 
Database 'C:\Users\Garazi\Desktop\Informatika\SI2\Proiektua\Bets2021\src\main\resources\bets.temp' is opened by 11224@DESKTOP-OCIQLOI

[2020-10-19 11:37:40 #2 type] 
Type domain.Pertsona is not enhanced.

[2020-10-19 11:37:40 #3 type] 
Type domain.PertsonaErregistratua is not enhanced.

[2020-10-19 11:37:40 #4 type] 
Type domain.Apustua is not enhanced.

[2020-10-19 11:37:40 #5 type] 
Type domain.Kuota is not enhanced.

[2020-10-19 11:37:40 #6 type] 
Type domain.Question is not enhanced.

[2020-10-19 11:37:40 #7 type] 
Type domain.Event is not enhanced.

------------------------------------------------------------------------------------------------------------------------

[2020-10-19 11:38:26 #1 store] 
Database 'C:\Users\Garazi\Desktop\Informatika\SI2\Proiektua\Bets2021\src\main\resources\bets.temp' is opened by 15120@DESKTOP-OCIQLOI

[2020-10-19 11:38:26 #2 type] 
Type domain.Pertsona is not enhanced.

[2020-10-19 11:38:26 #3 type] 
Type domain.PertsonaErregistratua is not enhanced.

[2020-10-19 11:38:26 #4 type] 
Type domain.Apustua is not enhanced.

[2020-10-19 11:38:26 #5 type] 
Type domain.Kuota is not enhanced.

[2020-10-19 11:38:26 #6 type] 
Type domain.Question is not enhanced.

[2020-10-19 11:38:26 #7 type] 
Type domain.Event is not enhanced.

